

Started GET "/assets/rails.png" for 127.0.0.1 at 2015-03-23 14:44:03 -0300
Connecting to database specified by database.yml
Served asset /rails.png - 200 OK (26ms)


Started GET "/assets/rails.png" for 127.0.0.1 at 2015-03-23 15:02:03 -0300
Served asset /rails.png - 304 Not Modified (0ms)


Started GET "/assets/rails.png" for 127.0.0.1 at 2015-03-23 15:13:17 -0300
Served asset /rails.png - 200 OK (0ms)


Started GET "/assets/rails.png" for 127.0.0.1 at 2015-03-26 14:17:47 -0300
Connecting to database specified by database.yml
Served asset /rails.png - 200 OK (39ms)
Connecting to database specified by database.yml


Started GET "/contatos" for 127.0.0.1 at 2015-03-26 14:20:09 -0300
Processing by ContatosController#index as HTML
PG::UndefinedTable: ERRO:  relação "contatos" não existe
LINE 4:              WHERE a.attrelid = '"contatos"'::regclass
                                        ^
:             SELECT a.attname, format_type(a.atttypid, a.atttypmod), d.adsrc, a.attnotnull
              FROM pg_attribute a LEFT JOIN pg_attrdef d
                ON a.attrelid = d.adrelid AND a.attnum = d.adnum
             WHERE a.attrelid = '"contatos"'::regclass
               AND a.attnum > 0 AND NOT a.attisdropped
             ORDER BY a.attnum

Completed 500 Internal Server Error in 617ms

ActiveRecord::StatementInvalid (PG::UndefinedTable: ERRO:  relação "contatos" não existe
LINE 4:              WHERE a.attrelid = '"contatos"'::regclass
                                        ^
:             SELECT a.attname, format_type(a.atttypid, a.atttypmod), d.adsrc, a.attnotnull
              FROM pg_attribute a LEFT JOIN pg_attrdef d
                ON a.attrelid = d.adrelid AND a.attnum = d.adnum
             WHERE a.attrelid = '"contatos"'::regclass
               AND a.attnum > 0 AND NOT a.attisdropped
             ORDER BY a.attnum
):
  app/controllers/contatos_controller.rb:5:in `index'


  Rendered /usr/local/rvm/gems/ruby-1.9.3-p194/gems/actionpack-3.2.8/lib/action_dispatch/middleware/templates/rescues/_trace.erb (1.3ms)
  Rendered /usr/local/rvm/gems/ruby-1.9.3-p194/gems/actionpack-3.2.8/lib/action_dispatch/middleware/templates/rescues/_request_and_response.erb (0.9ms)
  Rendered /usr/local/rvm/gems/ruby-1.9.3-p194/gems/actionpack-3.2.8/lib/action_dispatch/middleware/templates/rescues/diagnostics.erb within rescues/layout (10.1ms)


Started GET "/contato" for 127.0.0.1 at 2015-03-26 14:20:59 -0300

ActionController::RoutingError (No route matches [GET] "/contato"):
  actionpack (3.2.8) lib/action_dispatch/middleware/debug_exceptions.rb:21:in `call'
  actionpack (3.2.8) lib/action_dispatch/middleware/show_exceptions.rb:56:in `call'
  railties (3.2.8) lib/rails/rack/logger.rb:26:in `call_app'
  railties (3.2.8) lib/rails/rack/logger.rb:16:in `call'
  actionpack (3.2.8) lib/action_dispatch/middleware/request_id.rb:22:in `call'
  rack (1.4.5) lib/rack/methodoverride.rb:21:in `call'
  rack (1.4.5) lib/rack/runtime.rb:17:in `call'
  activesupport (3.2.8) lib/active_support/cache/strategy/local_cache.rb:72:in `call'
  rack (1.4.5) lib/rack/lock.rb:15:in `call'
  actionpack (3.2.8) lib/action_dispatch/middleware/static.rb:62:in `call'
  railties (3.2.8) lib/rails/engine.rb:479:in `call'
  railties (3.2.8) lib/rails/application.rb:223:in `call'
  rack (1.4.5) lib/rack/content_length.rb:14:in `call'
  railties (3.2.8) lib/rails/rack/log_tailer.rb:17:in `call'
  rack (1.4.5) lib/rack/handler/webrick.rb:59:in `service'
  /usr/local/rvm/rubies/ruby-1.9.3-p194/lib/ruby/1.9.1/webrick/httpserver.rb:138:in `service'
  /usr/local/rvm/rubies/ruby-1.9.3-p194/lib/ruby/1.9.1/webrick/httpserver.rb:94:in `run'
  /usr/local/rvm/rubies/ruby-1.9.3-p194/lib/ruby/1.9.1/webrick/server.rb:191:in `block in start_thread'


  Rendered /usr/local/rvm/gems/ruby-1.9.3-p194/gems/actionpack-3.2.8/lib/action_dispatch/middleware/templates/rescues/routing_error.erb within rescues/layout (0.6ms)


Started GET "/assets/rails.png" for 127.0.0.1 at 2015-04-06 16:25:50 -0300
Connecting to database specified by database.yml
Served asset /rails.png - 200 OK (83ms)


Started GET "/contatos" for 127.0.0.1 at 2015-04-06 16:25:59 -0300
Processing by ContatosController#index as HTML
PG::UndefinedTable: ERRO:  relação "contatos" não existe
LINE 4:              WHERE a.attrelid = '"contatos"'::regclass
                                        ^
:             SELECT a.attname, format_type(a.atttypid, a.atttypmod), d.adsrc, a.attnotnull
              FROM pg_attribute a LEFT JOIN pg_attrdef d
                ON a.attrelid = d.adrelid AND a.attnum = d.adnum
             WHERE a.attrelid = '"contatos"'::regclass
               AND a.attnum > 0 AND NOT a.attisdropped
             ORDER BY a.attnum

Completed 500 Internal Server Error in 1319ms

ActiveRecord::StatementInvalid (PG::UndefinedTable: ERRO:  relação "contatos" não existe
LINE 4:              WHERE a.attrelid = '"contatos"'::regclass
                                        ^
:             SELECT a.attname, format_type(a.atttypid, a.atttypmod), d.adsrc, a.attnotnull
              FROM pg_attribute a LEFT JOIN pg_attrdef d
                ON a.attrelid = d.adrelid AND a.attnum = d.adnum
             WHERE a.attrelid = '"contatos"'::regclass
               AND a.attnum > 0 AND NOT a.attisdropped
             ORDER BY a.attnum
):
  app/controllers/contatos_controller.rb:5:in `index'


  Rendered /usr/local/rvm/gems/ruby-1.9.3-p194/gems/actionpack-3.2.8/lib/action_dispatch/middleware/templates/rescues/_trace.erb (1.3ms)
  Rendered /usr/local/rvm/gems/ruby-1.9.3-p194/gems/actionpack-3.2.8/lib/action_dispatch/middleware/templates/rescues/_request_and_response.erb (1.0ms)
  Rendered /usr/local/rvm/gems/ruby-1.9.3-p194/gems/actionpack-3.2.8/lib/action_dispatch/middleware/templates/rescues/diagnostics.erb within rescues/layout (127.5ms)
Connecting to database specified by database.yml
  [1m[36m (413.9ms)[0m  [1mCREATE TABLE "schema_migrations" ("version" character varying(255) NOT NULL) [0m
  [1m[35m (21.0ms)[0m   SELECT distinct i.relname, d.indisunique, d.indkey, pg_get_indexdef(d.indexrelid), t.oid
 FROM pg_class t
 INNER JOIN pg_index d ON t.oid = d.indrelid
 INNER JOIN pg_class i ON d.indexrelid = i.oid
 WHERE i.relkind = 'i'
 AND d.indisprimary = 'f'
 AND t.relname = 'schema_migrations'
 AND i.relnamespace IN (SELECT oid FROM pg_namespace WHERE nspname = ANY (current_schemas(false)) )
 ORDER BY i.relname

  [1m[36m (128.5ms)[0m  [1mCREATE UNIQUE INDEX "unique_schema_migrations" ON "schema_migrations" ("version")[0m
  [1m[35m (0.3ms)[0m  SELECT "schema_migrations"."version" FROM "schema_migrations" 
Migrating to CreateContatos (20150326171910)
  [1m[36m (0.1ms)[0m  [1mBEGIN[0m
  [1m[35m (272.4ms)[0m  CREATE TABLE "contatos" ("id" serial primary key, "nome" character varying(255), "telefone" character varying(255), "created_at" timestamp NOT NULL, "updated_at" timestamp NOT NULL) 
  [1m[36m (21.2ms)[0m  [1mINSERT INTO "schema_migrations" ("version") VALUES ('20150326171910')[0m
  [1m[35m (26.3ms)[0m  COMMIT
  [1m[36m (0.3ms)[0m  [1mSELECT "schema_migrations"."version" FROM "schema_migrations" [0m
  [1m[35mPK and serial sequence (15.6ms)[0m   SELECT attr.attname, seq.relname
 FROM pg_class seq,
 pg_attribute attr,
 pg_depend dep,
 pg_namespace name,
 pg_constraint cons
 WHERE seq.oid = dep.objid
 AND seq.relkind = 'S'
 AND attr.attrelid = dep.refobjid
 AND attr.attnum = dep.refobjsubid
 AND attr.attrelid = cons.conrelid
 AND attr.attnum = cons.conkey[1]
 AND cons.contype = 'p'
 AND dep.refobjid = '"contatos"'::regclass

  [1m[36m (2.0ms)[0m  [1m SELECT distinct i.relname, d.indisunique, d.indkey, pg_get_indexdef(d.indexrelid), t.oid
 FROM pg_class t
 INNER JOIN pg_index d ON t.oid = d.indrelid
 INNER JOIN pg_class i ON d.indexrelid = i.oid
 WHERE i.relkind = 'i'
 AND d.indisprimary = 'f'
 AND t.relname = 'contatos'
 AND i.relnamespace IN (SELECT oid FROM pg_namespace WHERE nspname = ANY (current_schemas(false)) )
 ORDER BY i.relname
[0m


Started GET "/contatos" for 127.0.0.1 at 2015-04-06 16:58:16 -0300
Processing by ContatosController#index as HTML
  [1m[36mContato Load (0.4ms)[0m  [1mSELECT "contatos".* FROM "contatos" [0m
  Rendered contatos/index.html.erb within layouts/application (0.9ms)
Warning. Error encountered while saving cache /projetosVagner/app/tmp/cache/sass/a63ba517a297008f22a4c0b5fcc59512cf094686/contatos.css.scssc: can't dump anonymous class #<Class:0x000000033d9160>
Compiled contatos.css  (37ms)  (pid 9212)
Warning. Error encountered while saving cache /projetosVagner/app/tmp/cache/sass/a63ba517a297008f22a4c0b5fcc59512cf094686/scaffolds.css.scssc: can't dump anonymous class #<Class:0x000000033d9160>
Compiled scaffolds.css  (10ms)  (pid 9212)
Compiled application.css  (98ms)  (pid 9212)
Compiled jquery.js  (1ms)  (pid 9212)
Compiled jquery_ujs.js  (0ms)  (pid 9212)
Compiled contatos.js  (603ms)  (pid 9212)
Compiled application.js  (711ms)  (pid 9212)
Completed 200 OK in 912ms (Views: 902.4ms | ActiveRecord: 7.3ms)


Started GET "/assets/contatos.css?body=1" for 127.0.0.1 at 2015-04-06 16:58:17 -0300
Served asset /contatos.css - 200 OK (3ms)


Started GET "/assets/application.css?body=1" for 127.0.0.1 at 2015-04-06 16:58:17 -0300
Served asset /application.css - 200 OK (4ms)


Started GET "/assets/jquery_ujs.js?body=1" for 127.0.0.1 at 2015-04-06 16:58:17 -0300
Served asset /jquery_ujs.js - 200 OK (2ms)


Started GET "/assets/jquery.js?body=1" for 127.0.0.1 at 2015-04-06 16:58:17 -0300
Served asset /jquery.js - 200 OK (2ms)


Started GET "/assets/scaffolds.css?body=1" for 127.0.0.1 at 2015-04-06 16:58:17 -0300
Served asset /scaffolds.css - 200 OK (1ms)


Started GET "/assets/application.js?body=1" for 127.0.0.1 at 2015-04-06 16:58:17 -0300
Served asset /application.js - 200 OK (5ms)


Started GET "/assets/contatos.js?body=1" for 127.0.0.1 at 2015-04-06 16:58:17 -0300
Served asset /contatos.js - 200 OK (1ms)


Started GET "/contatos/new" for 127.0.0.1 at 2015-04-06 16:58:29 -0300
Processing by ContatosController#new as HTML
  Rendered contatos/_form.html.erb (54.8ms)
  Rendered contatos/new.html.erb within layouts/application (109.5ms)
Completed 200 OK in 127ms (Views: 121.7ms | ActiveRecord: 0.0ms)


Started POST "/contatos" for 127.0.0.1 at 2015-04-06 16:58:39 -0300
Processing by ContatosController#create as HTML
  Parameters: {"utf8"=>"✓", "authenticity_token"=>"CxOSmXMJy24yPEYuvj6lzwqMuVDZCrFMvnsHuTaDiUI=", "contato"=>{"nome"=>"vagner", "telefone"=>"8899"}, "commit"=>"Create Contato"}
  [1m[35m (0.1ms)[0m  BEGIN
  [1m[36mSQL (304.4ms)[0m  [1mINSERT INTO "contatos" ("created_at", "nome", "telefone", "updated_at") VALUES ($1, $2, $3, $4) RETURNING "id"[0m  [["created_at", Mon, 06 Apr 2015 19:58:39 UTC +00:00], ["nome", "vagner"], ["telefone", "8899"], ["updated_at", Mon, 06 Apr 2015 19:58:39 UTC +00:00]]
  [1m[35m (59.2ms)[0m  COMMIT
Redirected to http://localhost:3000/contatos/1
Completed 302 Found in 368ms (ActiveRecord: 363.7ms)


Started GET "/contatos/1" for 127.0.0.1 at 2015-04-06 16:58:40 -0300
Processing by ContatosController#show as HTML
  Parameters: {"id"=>"1"}
  [1m[36mContato Load (0.5ms)[0m  [1mSELECT "contatos".* FROM "contatos" WHERE "contatos"."id" = $1 LIMIT 1[0m  [["id", "1"]]
  Rendered contatos/show.html.erb within layouts/application (1.1ms)
Completed 200 OK in 20ms (Views: 17.1ms | ActiveRecord: 0.5ms)


Started GET "/contatos" for 127.0.0.1 at 2015-04-06 16:58:45 -0300
Processing by ContatosController#index as HTML
  [1m[35mContato Load (0.3ms)[0m  SELECT "contatos".* FROM "contatos" 
  Rendered contatos/index.html.erb within layouts/application (1.0ms)
Completed 200 OK in 6ms (Views: 4.7ms | ActiveRecord: 0.3ms)


Started GET "/assets/rails.png" for 127.0.0.1 at 2015-04-22 13:28:29 -0300
Connecting to database specified by database.yml
Served asset /rails.png - 200 OK (50ms)


Started GET "/contatos" for 127.0.0.1 at 2015-04-22 15:36:07 -0300
Processing by ContatosController#index as HTML
  [1m[36mContato Load (26.5ms)[0m  [1mSELECT "contatos".* FROM "contatos" [0m
  [1m[35mEXPLAIN (0.4ms)[0m  EXPLAIN SELECT "contatos".* FROM "contatos" 
EXPLAIN for: SELECT "contatos".* FROM "contatos" 
                         QUERY PLAN
-------------------------------------------------------------
 Seq Scan on contatos  (cost=0.00..10.70 rows=70 width=1052)
(1 row)

  Rendered contatos/index.html.erb within layouts/application (4.5ms)
Completed 200 OK in 861ms (Views: 204.6ms | ActiveRecord: 539.6ms)


Started GET "/assets/contatos.css?body=1" for 127.0.0.1 at 2015-04-22 15:36:08 -0300
Served asset /contatos.css - 200 OK (1ms)


Started GET "/assets/application.css?body=1" for 127.0.0.1 at 2015-04-22 15:36:08 -0300
Served asset /application.css - 200 OK (2ms)


Started GET "/assets/scaffolds.css?body=1" for 127.0.0.1 at 2015-04-22 15:36:08 -0300
Served asset /scaffolds.css - 200 OK (4ms)


Started GET "/assets/jquery.js?body=1" for 127.0.0.1 at 2015-04-22 15:36:08 -0300
Served asset /jquery.js - 200 OK (29ms)


Started GET "/assets/jquery_ujs.js?body=1" for 127.0.0.1 at 2015-04-22 15:36:08 -0300
Served asset /jquery_ujs.js - 200 OK (2ms)


Started GET "/assets/contatos.js?body=1" for 127.0.0.1 at 2015-04-22 15:36:08 -0300
Served asset /contatos.js - 200 OK (1ms)


Started GET "/assets/application.js?body=1" for 127.0.0.1 at 2015-04-22 15:36:08 -0300
Served asset /application.js - 200 OK (5ms)


Started GET "/contatos/1/edit" for 127.0.0.1 at 2015-04-22 15:36:15 -0300
Processing by ContatosController#edit as HTML
  Parameters: {"id"=>"1"}
  [1m[36mContato Load (0.7ms)[0m  [1mSELECT "contatos".* FROM "contatos" WHERE "contatos"."id" = $1 LIMIT 1[0m  [["id", "1"]]
  Rendered contatos/_form.html.erb (54.8ms)
  Rendered contatos/edit.html.erb within layouts/application (104.3ms)
Completed 200 OK in 160ms (Views: 157.2ms | ActiveRecord: 0.7ms)


Started PUT "/contatos/1" for 127.0.0.1 at 2015-04-22 15:36:23 -0300
Processing by ContatosController#update as HTML
  Parameters: {"utf8"=>"✓", "authenticity_token"=>"EE/taBAe8lZcmxaWBdgQmgok3zXTejruVJ8/e8BdJxk=", "contato"=>{"nome"=>"vagner", "telefone"=>"88994599"}, "commit"=>"Update Contato", "id"=>"1"}
  [1m[35mContato Load (0.3ms)[0m  SELECT "contatos".* FROM "contatos" WHERE "contatos"."id" = $1 LIMIT 1  [["id", "1"]]
  [1m[36m (0.1ms)[0m  [1mBEGIN[0m
  [1m[35m (36.2ms)[0m  UPDATE "contatos" SET "telefone" = '88994599', "updated_at" = '2015-04-22 18:36:23.570968' WHERE "contatos"."id" = 1
  [1m[36m (43.1ms)[0m  [1mCOMMIT[0m
Redirected to http://localhost:3000/contatos/1
Completed 302 Found in 259ms (ActiveRecord: 79.6ms)


Started GET "/contatos/1" for 127.0.0.1 at 2015-04-22 15:36:23 -0300
Processing by ContatosController#show as HTML
  Parameters: {"id"=>"1"}
  [1m[35mContato Load (0.3ms)[0m  SELECT "contatos".* FROM "contatos" WHERE "contatos"."id" = $1 LIMIT 1  [["id", "1"]]
  Rendered contatos/show.html.erb within layouts/application (1.1ms)
Completed 200 OK in 28ms (Views: 26.2ms | ActiveRecord: 0.3ms)


Started GET "/contatos/" for 127.0.0.1 at 2015-04-22 15:36:30 -0300
Processing by ContatosController#index as HTML
  [1m[36mContato Load (0.4ms)[0m  [1mSELECT "contatos".* FROM "contatos" [0m
  Rendered contatos/index.html.erb within layouts/application (1.3ms)
Completed 200 OK in 8ms (Views: 6.5ms | ActiveRecord: 0.4ms)
Connecting to database specified by database.yml
Connecting to database specified by database.yml


Started GET "/assets/rails.png" for 127.0.0.1 at 2015-04-29 16:04:21 -0300
Served asset /rails.png - 200 OK (64ms)


Started GET "/pessoas" for 127.0.0.1 at 2015-04-29 16:04:29 -0300

ActionController::RoutingError (No route matches [GET] "/pessoas"):
  actionpack (3.2.8) lib/action_dispatch/middleware/debug_exceptions.rb:21:in `call'
  actionpack (3.2.8) lib/action_dispatch/middleware/show_exceptions.rb:56:in `call'
  railties (3.2.8) lib/rails/rack/logger.rb:26:in `call_app'
  railties (3.2.8) lib/rails/rack/logger.rb:16:in `call'
  actionpack (3.2.8) lib/action_dispatch/middleware/request_id.rb:22:in `call'
  rack (1.4.5) lib/rack/methodoverride.rb:21:in `call'
  rack (1.4.5) lib/rack/runtime.rb:17:in `call'
  activesupport (3.2.8) lib/active_support/cache/strategy/local_cache.rb:72:in `call'
  rack (1.4.5) lib/rack/lock.rb:15:in `call'
  actionpack (3.2.8) lib/action_dispatch/middleware/static.rb:62:in `call'
  railties (3.2.8) lib/rails/engine.rb:479:in `call'
  railties (3.2.8) lib/rails/application.rb:223:in `call'
  rack (1.4.5) lib/rack/content_length.rb:14:in `call'
  railties (3.2.8) lib/rails/rack/log_tailer.rb:17:in `call'
  rack (1.4.5) lib/rack/handler/webrick.rb:59:in `service'
  /usr/local/rvm/rubies/ruby-1.9.3-p194/lib/ruby/1.9.1/webrick/httpserver.rb:138:in `service'
  /usr/local/rvm/rubies/ruby-1.9.3-p194/lib/ruby/1.9.1/webrick/httpserver.rb:94:in `run'
  /usr/local/rvm/rubies/ruby-1.9.3-p194/lib/ruby/1.9.1/webrick/server.rb:191:in `block in start_thread'


  Rendered /usr/local/rvm/gems/ruby-1.9.3-p194/gems/actionpack-3.2.8/lib/action_dispatch/middleware/templates/rescues/routing_error.erb within rescues/layout (20.6ms)


Started GET "/contatos" for 127.0.0.1 at 2015-04-29 16:05:26 -0300
Processing by ContatosController#index as HTML
  [1m[36mContato Load (26.2ms)[0m  [1mSELECT "contatos".* FROM "contatos" [0m
  Rendered contatos/index.html.erb within layouts/application (2.6ms)
Completed 200 OK in 906ms (Views: 279.5ms | ActiveRecord: 440.0ms)


Started GET "/assets/application.css?body=1" for 127.0.0.1 at 2015-04-29 16:05:28 -0300
Served asset /application.css - 200 OK (2ms)


Started GET "/assets/contatos.css?body=1" for 127.0.0.1 at 2015-04-29 16:05:28 -0300
Served asset /contatos.css - 200 OK (1ms)


Started GET "/assets/scaffolds.css?body=1" for 127.0.0.1 at 2015-04-29 16:05:28 -0300
Served asset /scaffolds.css - 200 OK (1ms)


Started GET "/assets/jquery.js?body=1" for 127.0.0.1 at 2015-04-29 16:05:28 -0300
Served asset /jquery.js - 200 OK (105ms)


Started GET "/assets/jquery_ujs.js?body=1" for 127.0.0.1 at 2015-04-29 16:05:28 -0300
Served asset /jquery_ujs.js - 200 OK (3ms)


Started GET "/assets/application.js?body=1" for 127.0.0.1 at 2015-04-29 16:05:28 -0300
Served asset /application.js - 200 OK (4ms)


Started GET "/assets/contatos.js?body=1" for 127.0.0.1 at 2015-04-29 16:05:28 -0300
Served asset /contatos.js - 200 OK (1ms)


Started GET "/contatos/1/edit" for 127.0.0.1 at 2015-04-29 16:15:22 -0300
Processing by ContatosController#edit as HTML
  Parameters: {"id"=>"1"}
  [1m[35mContato Load (73.6ms)[0m  SELECT "contatos".* FROM "contatos" WHERE "contatos"."id" = $1 LIMIT 1  [["id", "1"]]
  Rendered contatos/_form.html.erb (153.5ms)
  Rendered contatos/edit.html.erb within layouts/application (239.7ms)
Completed 200 OK in 440ms (Views: 360.7ms | ActiveRecord: 73.6ms)


Started GET "/contatos/1" for 127.0.0.1 at 2015-04-29 16:50:09 -0300
Processing by ContatosController#show as HTML
  Parameters: {"id"=>"1"}
  [1m[36mContato Load (69.7ms)[0m  [1mSELECT "contatos".* FROM "contatos" WHERE "contatos"."id" = $1 LIMIT 1[0m  [["id", "1"]]
  Rendered contatos/show.html.erb within layouts/application (41.4ms)
Completed 200 OK in 474ms (Views: 345.1ms | ActiveRecord: 69.7ms)


Started GET "/contatos" for 127.0.0.1 at 2015-04-29 16:50:18 -0300
Processing by ContatosController#index as HTML
  [1m[35mContato Load (17.2ms)[0m  SELECT "contatos".* FROM "contatos" 
  Rendered contatos/index.html.erb within layouts/application (21.1ms)
Completed 200 OK in 53ms (Views: 34.7ms | ActiveRecord: 17.2ms)


Started GET "/contatos/1" for 127.0.0.1 at 2015-04-29 16:52:21 -0300
Processing by ContatosController#show as HTML
  Parameters: {"id"=>"1"}
  [1m[36mContato Load (0.3ms)[0m  [1mSELECT "contatos".* FROM "contatos" WHERE "contatos"."id" = $1 LIMIT 1[0m  [["id", "1"]]
  Rendered contatos/show.html.erb within layouts/application (0.6ms)
Completed 200 OK in 7ms (Views: 5.7ms | ActiveRecord: 0.3ms)


Started GET "/contatos/1/edit" for 127.0.0.1 at 2015-04-29 16:52:25 -0300
Processing by ContatosController#edit as HTML
  Parameters: {"id"=>"1"}
  [1m[35mContato Load (0.3ms)[0m  SELECT "contatos".* FROM "contatos" WHERE "contatos"."id" = $1 LIMIT 1  [["id", "1"]]
  Rendered contatos/_form.html.erb (45.2ms)
  Rendered contatos/edit.html.erb within layouts/application (46.5ms)
Completed 200 OK in 74ms (Views: 72.8ms | ActiveRecord: 0.3ms)


Started GET "/contatos/new" for 127.0.0.1 at 2015-04-29 16:52:31 -0300
Processing by ContatosController#new as HTML
  Rendered contatos/_form.html.erb (2.1ms)
  Rendered contatos/new.html.erb within layouts/application (3.1ms)
Completed 200 OK in 21ms (Views: 19.8ms | ActiveRecord: 0.0ms)
Connecting to database specified by database.yml


Started GET "/assets/rails.png" for 127.0.0.1 at 2015-04-30 21:01:43 -0300
Served asset /rails.png - 200 OK (65ms)


Started GET "/contatos" for 127.0.0.1 at 2015-04-30 21:01:49 -0300
Processing by ContatosController#index as HTML
  [1m[36mContato Load (26.2ms)[0m  [1mSELECT "contatos".* FROM "contatos" [0m
  Rendered contatos/index.html.erb within layouts/application (5.0ms)
Completed 200 OK in 860ms (Views: 262.6ms | ActiveRecord: 458.0ms)


Started GET "/assets/application.css?body=1" for 127.0.0.1 at 2015-04-30 21:01:50 -0300
Served asset /application.css - 200 OK (9ms)


Started GET "/assets/contatos.css?body=1" for 127.0.0.1 at 2015-04-30 21:01:50 -0300
Served asset /contatos.css - 200 OK (1ms)


Started GET "/assets/scaffolds.css?body=1" for 127.0.0.1 at 2015-04-30 21:01:50 -0300
Served asset /scaffolds.css - 200 OK (1ms)


Started GET "/assets/contatos.js?body=1" for 127.0.0.1 at 2015-04-30 21:01:50 -0300
Served asset /contatos.js - 200 OK (1ms)


Started GET "/assets/jquery.js?body=1" for 127.0.0.1 at 2015-04-30 21:01:50 -0300
Served asset /jquery.js - 200 OK (210ms)


Started GET "/assets/jquery_ujs.js?body=1" for 127.0.0.1 at 2015-04-30 21:01:50 -0300
Served asset /jquery_ujs.js - 200 OK (3ms)


Started GET "/assets/application.js?body=1" for 127.0.0.1 at 2015-04-30 21:01:50 -0300
Served asset /application.js - 200 OK (5ms)
Connecting to database specified by database.yml


Started GET "/assets/rails.png" for 127.0.0.1 at 2015-05-12 15:25:33 -0300
Served asset /rails.png - 200 OK (140ms)


Started GET "/contatos" for 127.0.0.1 at 2015-05-12 15:25:38 -0300
Processing by ContatosController#index as HTML
  [1m[36mContato Load (23.2ms)[0m  [1mSELECT "contatos".* FROM "contatos" [0m
  [1m[35mEXPLAIN (15.2ms)[0m  EXPLAIN SELECT "contatos".* FROM "contatos" 
EXPLAIN for: SELECT "contatos".* FROM "contatos" 
                         QUERY PLAN
-------------------------------------------------------------
 Seq Scan on contatos  (cost=0.00..10.70 rows=70 width=1052)
(1 row)

  Rendered contatos/index.html.erb within layouts/application (5.1ms)
Completed 200 OK in 1285ms (Views: 260.9ms | ActiveRecord: 921.3ms)


Started GET "/assets/application.css?body=1" for 127.0.0.1 at 2015-05-12 15:25:40 -0300
Served asset /application.css - 200 OK (2ms)


Started GET "/assets/contatos.css?body=1" for 127.0.0.1 at 2015-05-12 15:25:40 -0300
Served asset /contatos.css - 200 OK (1ms)


Started GET "/assets/jquery.js?body=1" for 127.0.0.1 at 2015-05-12 15:25:40 -0300
Served asset /jquery.js - 200 OK (68ms)


Started GET "/assets/scaffolds.css?body=1" for 127.0.0.1 at 2015-05-12 15:25:40 -0300
Served asset /scaffolds.css - 200 OK (1ms)


Started GET "/assets/application.js?body=1" for 127.0.0.1 at 2015-05-12 15:25:40 -0300
Served asset /application.js - 200 OK (4ms)


Started GET "/assets/jquery_ujs.js?body=1" for 127.0.0.1 at 2015-05-12 15:25:40 -0300
Served asset /jquery_ujs.js - 200 OK (4ms)


Started GET "/assets/contatos.js?body=1" for 127.0.0.1 at 2015-05-12 15:25:40 -0300
Served asset /contatos.js - 200 OK (1ms)
Connecting to database specified by database.yml


Started GET "/assets/rails.png" for 127.0.0.1 at 2015-05-13 14:33:21 -0300
Served asset /rails.png - 200 OK (147ms)


Started GET "/contatos" for 127.0.0.1 at 2015-05-13 14:33:46 -0300
Processing by ContatosController#index as HTML
  [1m[36mContato Load (0.3ms)[0m  [1mSELECT "contatos".* FROM "contatos" [0m
  Rendered contatos/index.html.erb within layouts/application (5.0ms)
Completed 200 OK in 593ms (Views: 303.3ms | ActiveRecord: 184.4ms)


Started GET "/assets/application.css?body=1" for 127.0.0.1 at 2015-05-13 14:33:47 -0300
Served asset /application.css - 200 OK (4ms)


Started GET "/assets/contatos.css?body=1" for 127.0.0.1 at 2015-05-13 14:33:47 -0300
Served asset /contatos.css - 200 OK (1ms)


Started GET "/assets/scaffolds.css?body=1" for 127.0.0.1 at 2015-05-13 14:33:47 -0300
Served asset /scaffolds.css - 200 OK (4ms)


Started GET "/assets/jquery.js?body=1" for 127.0.0.1 at 2015-05-13 14:33:47 -0300
Served asset /jquery.js - 200 OK (48ms)


Started GET "/assets/contatos.js?body=1" for 127.0.0.1 at 2015-05-13 14:33:47 -0300
Served asset /contatos.js - 200 OK (1ms)


Started GET "/assets/jquery_ujs.js?body=1" for 127.0.0.1 at 2015-05-13 14:33:47 -0300
Served asset /jquery_ujs.js - 200 OK (3ms)


Started GET "/assets/application.js?body=1" for 127.0.0.1 at 2015-05-13 14:33:47 -0300
Served asset /application.js - 200 OK (5ms)
Connecting to database specified by database.yml
  [1m[36m (93.2ms)[0m  [1mSELECT "schema_migrations"."version" FROM "schema_migrations" [0m
Migrating to CreateContatos (20150326171910)
  [1m[35m (0.3ms)[0m  SELECT "schema_migrations"."version" FROM "schema_migrations" 
  [1m[36mPK and serial sequence (1.9ms)[0m  [1m SELECT attr.attname, seq.relname
 FROM pg_class seq,
 pg_attribute attr,
 pg_depend dep,
 pg_namespace name,
 pg_constraint cons
 WHERE seq.oid = dep.objid
 AND seq.relkind = 'S'
 AND attr.attrelid = dep.refobjid
 AND attr.attnum = dep.refobjsubid
 AND attr.attrelid = cons.conrelid
 AND attr.attnum = cons.conkey[1]
 AND cons.contype = 'p'
 AND dep.refobjid = '"contatos"'::regclass
[0m
  [1m[35m (105.0ms)[0m   SELECT distinct i.relname, d.indisunique, d.indkey, pg_get_indexdef(d.indexrelid), t.oid
 FROM pg_class t
 INNER JOIN pg_index d ON t.oid = d.indrelid
 INNER JOIN pg_class i ON d.indexrelid = i.oid
 WHERE i.relkind = 'i'
 AND d.indisprimary = 'f'
 AND t.relname = 'contatos'
 AND i.relnamespace IN (SELECT oid FROM pg_namespace WHERE nspname = ANY (current_schemas(false)) )
 ORDER BY i.relname

Connecting to database specified by database.yml
  [1m[36m (0.3ms)[0m  [1mSELECT "schema_migrations"."version" FROM "schema_migrations" [0m
Migrating to CreateContatos (20150326171910)
  [1m[35m (0.3ms)[0m  SELECT "schema_migrations"."version" FROM "schema_migrations" 
  [1m[36mPK and serial sequence (1.8ms)[0m  [1m SELECT attr.attname, seq.relname
 FROM pg_class seq,
 pg_attribute attr,
 pg_depend dep,
 pg_namespace name,
 pg_constraint cons
 WHERE seq.oid = dep.objid
 AND seq.relkind = 'S'
 AND attr.attrelid = dep.refobjid
 AND attr.attnum = dep.refobjsubid
 AND attr.attrelid = cons.conrelid
 AND attr.attnum = cons.conkey[1]
 AND cons.contype = 'p'
 AND dep.refobjid = '"contatos"'::regclass
[0m
  [1m[35m (1.9ms)[0m   SELECT distinct i.relname, d.indisunique, d.indkey, pg_get_indexdef(d.indexrelid), t.oid
 FROM pg_class t
 INNER JOIN pg_index d ON t.oid = d.indrelid
 INNER JOIN pg_class i ON d.indexrelid = i.oid
 WHERE i.relkind = 'i'
 AND d.indisprimary = 'f'
 AND t.relname = 'contatos'
 AND i.relnamespace IN (SELECT oid FROM pg_namespace WHERE nspname = ANY (current_schemas(false)) )
 ORDER BY i.relname

Connecting to database specified by database.yml
Connecting to database specified by database.yml
Connecting to database specified by database.yml
Connecting to database specified by database.yml
Connecting to database specified by database.yml
  [1m[36m (0.3ms)[0m  [1mSELECT "schema_migrations"."version" FROM "schema_migrations" [0m
Migrating to CreateContatos (20150326171910)
Migrating to DeviseCreateUsuarios (20150513173701)
  [1m[35m (0.0ms)[0m  BEGIN
  [1m[36m (686.7ms)[0m  [1mCREATE TABLE "usuarios" ("id" serial primary key, "email" character varying(255) DEFAULT '' NOT NULL, "encrypted_password" character varying(255) DEFAULT '' NOT NULL, "reset_password_token" character varying(255), "reset_password_sent_at" timestamp, "remember_created_at" timestamp, "sign_in_count" integer DEFAULT 0, "current_sign_in_at" timestamp, "last_sign_in_at" timestamp, "current_sign_in_ip" character varying(255), "last_sign_in_ip" character varying(255), "created_at" timestamp NOT NULL, "updated_at" timestamp NOT NULL) [0m
  [1m[35m (2.0ms)[0m   SELECT distinct i.relname, d.indisunique, d.indkey, pg_get_indexdef(d.indexrelid), t.oid
 FROM pg_class t
 INNER JOIN pg_index d ON t.oid = d.indrelid
 INNER JOIN pg_class i ON d.indexrelid = i.oid
 WHERE i.relkind = 'i'
 AND d.indisprimary = 'f'
 AND t.relname = 'usuarios'
 AND i.relnamespace IN (SELECT oid FROM pg_namespace WHERE nspname = ANY (current_schemas(false)) )
 ORDER BY i.relname

  [1m[36m (73.3ms)[0m  [1mCREATE UNIQUE INDEX "index_usuarios_on_email" ON "usuarios" ("email")[0m
  [1m[35m (1.0ms)[0m   SELECT distinct i.relname, d.indisunique, d.indkey, pg_get_indexdef(d.indexrelid), t.oid
 FROM pg_class t
 INNER JOIN pg_index d ON t.oid = d.indrelid
 INNER JOIN pg_class i ON d.indexrelid = i.oid
 WHERE i.relkind = 'i'
 AND d.indisprimary = 'f'
 AND t.relname = 'usuarios'
 AND i.relnamespace IN (SELECT oid FROM pg_namespace WHERE nspname = ANY (current_schemas(false)) )
 ORDER BY i.relname

  [1m[36mColumns for index index_usuarios_on_email on usuarios (0.3ms)[0m  [1m SELECT a.attnum, a.attname
 FROM pg_attribute a
 WHERE a.attrelid = 2255899
 AND a.attnum IN (2)
[0m
  [1m[35m (31.7ms)[0m  CREATE UNIQUE INDEX "index_usuarios_on_reset_password_token" ON "usuarios" ("reset_password_token")
  [1m[36m (0.2ms)[0m  [1mINSERT INTO "schema_migrations" ("version") VALUES ('20150513173701')[0m
  [1m[35m (42.1ms)[0m  COMMIT
Migrating to CreateRailsAdminHistoriesTable (20150513173702)
  [1m[36m (0.1ms)[0m  [1mBEGIN[0m
  [1m[35m (79.6ms)[0m  CREATE TABLE "rails_admin_histories" ("id" serial primary key, "message" text, "username" character varying(255), "item" integer, "table" character varying(255), "month" smallint, "year" bigint, "created_at" timestamp NOT NULL, "updated_at" timestamp NOT NULL) 
  [1m[36m (0.9ms)[0m  [1m SELECT distinct i.relname, d.indisunique, d.indkey, pg_get_indexdef(d.indexrelid), t.oid
 FROM pg_class t
 INNER JOIN pg_index d ON t.oid = d.indrelid
 INNER JOIN pg_class i ON d.indexrelid = i.oid
 WHERE i.relkind = 'i'
 AND d.indisprimary = 'f'
 AND t.relname = 'rails_admin_histories'
 AND i.relnamespace IN (SELECT oid FROM pg_namespace WHERE nspname = ANY (current_schemas(false)) )
 ORDER BY i.relname
[0m
  [1m[35m (40.4ms)[0m  CREATE INDEX "index_rails_admin_histories" ON "rails_admin_histories" ("item", "table", "month", "year")
  [1m[36m (0.2ms)[0m  [1mINSERT INTO "schema_migrations" ("version") VALUES ('20150513173702')[0m
  [1m[35m (17.4ms)[0m  COMMIT
  [1m[36m (0.3ms)[0m  [1mSELECT "schema_migrations"."version" FROM "schema_migrations" [0m
  [1m[35mPK and serial sequence (1.9ms)[0m   SELECT attr.attname, seq.relname
 FROM pg_class seq,
 pg_attribute attr,
 pg_depend dep,
 pg_namespace name,
 pg_constraint cons
 WHERE seq.oid = dep.objid
 AND seq.relkind = 'S'
 AND attr.attrelid = dep.refobjid
 AND attr.attnum = dep.refobjsubid
 AND attr.attrelid = cons.conrelid
 AND attr.attnum = cons.conkey[1]
 AND cons.contype = 'p'
 AND dep.refobjid = '"contatos"'::regclass

  [1m[36m (1.9ms)[0m  [1m SELECT distinct i.relname, d.indisunique, d.indkey, pg_get_indexdef(d.indexrelid), t.oid
 FROM pg_class t
 INNER JOIN pg_index d ON t.oid = d.indrelid
 INNER JOIN pg_class i ON d.indexrelid = i.oid
 WHERE i.relkind = 'i'
 AND d.indisprimary = 'f'
 AND t.relname = 'contatos'
 AND i.relnamespace IN (SELECT oid FROM pg_namespace WHERE nspname = ANY (current_schemas(false)) )
 ORDER BY i.relname
[0m
  [1m[35mPK and serial sequence (1.1ms)[0m   SELECT attr.attname, seq.relname
 FROM pg_class seq,
 pg_attribute attr,
 pg_depend dep,
 pg_namespace name,
 pg_constraint cons
 WHERE seq.oid = dep.objid
 AND seq.relkind = 'S'
 AND attr.attrelid = dep.refobjid
 AND attr.attnum = dep.refobjsubid
 AND attr.attrelid = cons.conrelid
 AND attr.attnum = cons.conkey[1]
 AND cons.contype = 'p'
 AND dep.refobjid = '"rails_admin_histories"'::regclass

  [1m[36m (1.7ms)[0m  [1m SELECT distinct i.relname, d.indisunique, d.indkey, pg_get_indexdef(d.indexrelid), t.oid
 FROM pg_class t
 INNER JOIN pg_index d ON t.oid = d.indrelid
 INNER JOIN pg_class i ON d.indexrelid = i.oid
 WHERE i.relkind = 'i'
 AND d.indisprimary = 'f'
 AND t.relname = 'rails_admin_histories'
 AND i.relnamespace IN (SELECT oid FROM pg_namespace WHERE nspname = ANY (current_schemas(false)) )
 ORDER BY i.relname
[0m
  [1m[35mColumns for index index_rails_admin_histories on rails_admin_histories (0.4ms)[0m   SELECT a.attnum, a.attname
 FROM pg_attribute a
 WHERE a.attrelid = 2255915
 AND a.attnum IN (4,5,6,7)

  [1m[36mPK and serial sequence (1.1ms)[0m  [1m SELECT attr.attname, seq.relname
 FROM pg_class seq,
 pg_attribute attr,
 pg_depend dep,
 pg_namespace name,
 pg_constraint cons
 WHERE seq.oid = dep.objid
 AND seq.relkind = 'S'
 AND attr.attrelid = dep.refobjid
 AND attr.attnum = dep.refobjsubid
 AND attr.attrelid = cons.conrelid
 AND attr.attnum = cons.conkey[1]
 AND cons.contype = 'p'
 AND dep.refobjid = '"usuarios"'::regclass
[0m
  [1m[35m (1.1ms)[0m   SELECT distinct i.relname, d.indisunique, d.indkey, pg_get_indexdef(d.indexrelid), t.oid
 FROM pg_class t
 INNER JOIN pg_index d ON t.oid = d.indrelid
 INNER JOIN pg_class i ON d.indexrelid = i.oid
 WHERE i.relkind = 'i'
 AND d.indisprimary = 'f'
 AND t.relname = 'usuarios'
 AND i.relnamespace IN (SELECT oid FROM pg_namespace WHERE nspname = ANY (current_schemas(false)) )
 ORDER BY i.relname

  [1m[36mColumns for index index_usuarios_on_email on usuarios (0.2ms)[0m  [1m SELECT a.attnum, a.attname
 FROM pg_attribute a
 WHERE a.attrelid = 2255899
 AND a.attnum IN (2)
[0m
  [1m[35mColumns for index index_usuarios_on_reset_password_token on usuarios (0.2ms)[0m   SELECT a.attnum, a.attname
 FROM pg_attribute a
 WHERE a.attrelid = 2255899
 AND a.attnum IN (4)

Connecting to database specified by database.yml


Started GET "/assets/rails.png" for 127.0.0.1 at 2015-05-13 14:38:06 -0300
Served asset /rails.png - 304 Not Modified (2ms)


Started GET "/admin" for 127.0.0.1 at 2015-05-13 14:38:12 -0300
Processing by RailsAdmin::MainController#dashboard as HTML
Completed 401 Unauthorized in 1ms


Started GET "/usuarios/sign_in" for 127.0.0.1 at 2015-05-13 14:38:13 -0300
Processing by Devise::SessionsController#new as HTML
  Rendered /usr/local/rvm/gems/ruby-1.9.3-p194/gems/devise-2.1.2/app/views/devise/shared/_links.erb (1.6ms)
  Rendered /usr/local/rvm/gems/ruby-1.9.3-p194/gems/devise-2.1.2/app/views/devise/sessions/new.html.erb within layouts/application (23.7ms)
Completed 200 OK in 185ms (Views: 84.5ms | ActiveRecord: 7.8ms)


Started POST "/usuarios/sign_in" for 127.0.0.1 at 2015-05-13 14:38:53 -0300
Processing by Devise::SessionsController#create as HTML
  Parameters: {"utf8"=>"✓", "authenticity_token"=>"ypPDidDJuEzfer0MgoU281n7el1QvS/C9AVhOMNzpJ8=", "usuario"=>{"email"=>"bylelo@gmail.com", "password"=>"[FILTERED]", "remember_me"=>"0"}, "commit"=>"Sign in"}
  [1m[36mUsuario Load (26.1ms)[0m  [1mSELECT "usuarios".* FROM "usuarios" WHERE "usuarios"."email" = 'bylelo@gmail.com' LIMIT 1[0m
Completed 401 Unauthorized in 108ms
Processing by Devise::SessionsController#new as HTML
  Parameters: {"utf8"=>"✓", "authenticity_token"=>"ypPDidDJuEzfer0MgoU281n7el1QvS/C9AVhOMNzpJ8=", "usuario"=>{"email"=>"bylelo@gmail.com", "password"=>"[FILTERED]", "remember_me"=>"0"}, "commit"=>"Sign in"}
  Rendered /usr/local/rvm/gems/ruby-1.9.3-p194/gems/devise-2.1.2/app/views/devise/shared/_links.erb (0.4ms)
  Rendered /usr/local/rvm/gems/ruby-1.9.3-p194/gems/devise-2.1.2/app/views/devise/sessions/new.html.erb within layouts/application (3.3ms)
Completed 200 OK in 88ms (Views: 9.6ms | ActiveRecord: 0.0ms)


Started GET "/admin" for 127.0.0.1 at 2015-05-13 14:38:58 -0300
Processing by RailsAdmin::MainController#dashboard as HTML
Completed 401 Unauthorized in 0ms


Started GET "/usuarios/sign_in" for 127.0.0.1 at 2015-05-13 14:38:58 -0300
Processing by Devise::SessionsController#new as HTML
  Rendered /usr/local/rvm/gems/ruby-1.9.3-p194/gems/devise-2.1.2/app/views/devise/shared/_links.erb (0.4ms)
  Rendered /usr/local/rvm/gems/ruby-1.9.3-p194/gems/devise-2.1.2/app/views/devise/sessions/new.html.erb within layouts/application (3.8ms)
Completed 200 OK in 11ms (Views: 10.5ms | ActiveRecord: 0.0ms)


Started POST "/usuarios/sign_in" for 127.0.0.1 at 2015-05-13 14:39:16 -0300
Processing by Devise::SessionsController#create as HTML
  Parameters: {"utf8"=>"✓", "authenticity_token"=>"ypPDidDJuEzfer0MgoU281n7el1QvS/C9AVhOMNzpJ8=", "usuario"=>{"email"=>"bylelo@gmail.com", "password"=>"[FILTERED]", "remember_me"=>"0"}, "commit"=>"Sign in"}
  [1m[35mUsuario Load (0.4ms)[0m  SELECT "usuarios".* FROM "usuarios" WHERE "usuarios"."email" = 'bylelo@gmail.com' LIMIT 1
Completed 401 Unauthorized in 2ms
Processing by Devise::SessionsController#new as HTML
  Parameters: {"utf8"=>"✓", "authenticity_token"=>"ypPDidDJuEzfer0MgoU281n7el1QvS/C9AVhOMNzpJ8=", "usuario"=>{"email"=>"bylelo@gmail.com", "password"=>"[FILTERED]", "remember_me"=>"0"}, "commit"=>"Sign in"}
  Rendered /usr/local/rvm/gems/ruby-1.9.3-p194/gems/devise-2.1.2/app/views/devise/shared/_links.erb (0.4ms)
  Rendered /usr/local/rvm/gems/ruby-1.9.3-p194/gems/devise-2.1.2/app/views/devise/sessions/new.html.erb within layouts/application (2.9ms)
Completed 200 OK in 86ms (Views: 8.9ms | ActiveRecord: 0.0ms)


Started GET "/usuarios/" for 127.0.0.1 at 2015-05-13 14:39:19 -0300

ActionController::RoutingError (No route matches [GET] "/usuarios"):
  actionpack (3.2.8) lib/action_dispatch/middleware/debug_exceptions.rb:21:in `call'
  actionpack (3.2.8) lib/action_dispatch/middleware/show_exceptions.rb:56:in `call'
  railties (3.2.8) lib/rails/rack/logger.rb:26:in `call_app'
  railties (3.2.8) lib/rails/rack/logger.rb:16:in `call'
  actionpack (3.2.8) lib/action_dispatch/middleware/request_id.rb:22:in `call'
  rack (1.4.5) lib/rack/methodoverride.rb:21:in `call'
  rack (1.4.5) lib/rack/runtime.rb:17:in `call'
  activesupport (3.2.8) lib/active_support/cache/strategy/local_cache.rb:72:in `call'
  rack (1.4.5) lib/rack/lock.rb:15:in `call'
  actionpack (3.2.8) lib/action_dispatch/middleware/static.rb:62:in `call'
  railties (3.2.8) lib/rails/engine.rb:479:in `call'
  railties (3.2.8) lib/rails/application.rb:223:in `call'
  rack (1.4.5) lib/rack/content_length.rb:14:in `call'
  railties (3.2.8) lib/rails/rack/log_tailer.rb:17:in `call'
  rack (1.4.5) lib/rack/handler/webrick.rb:59:in `service'
  /usr/local/rvm/rubies/ruby-1.9.3-p194/lib/ruby/1.9.1/webrick/httpserver.rb:138:in `service'
  /usr/local/rvm/rubies/ruby-1.9.3-p194/lib/ruby/1.9.1/webrick/httpserver.rb:94:in `run'
  /usr/local/rvm/rubies/ruby-1.9.3-p194/lib/ruby/1.9.1/webrick/server.rb:191:in `block in start_thread'


  Rendered /usr/local/rvm/gems/ruby-1.9.3-p194/gems/actionpack-3.2.8/lib/action_dispatch/middleware/templates/rescues/routing_error.erb within rescues/layout (0.6ms)


Started GET "/assets/rails.png" for 127.0.0.1 at 2015-05-13 14:43:44 -0300
Served asset /rails.png - 304 Not Modified (0ms)


Started GET "/" for 127.0.0.1 at 2015-05-13 14:43:46 -0300

ActionController::RoutingError (No route matches [GET] "/"):
  actionpack (3.2.8) lib/action_dispatch/middleware/debug_exceptions.rb:21:in `call'
  actionpack (3.2.8) lib/action_dispatch/middleware/show_exceptions.rb:56:in `call'
  railties (3.2.8) lib/rails/rack/logger.rb:26:in `call_app'
  railties (3.2.8) lib/rails/rack/logger.rb:16:in `call'
  actionpack (3.2.8) lib/action_dispatch/middleware/request_id.rb:22:in `call'
  rack (1.4.5) lib/rack/methodoverride.rb:21:in `call'
  rack (1.4.5) lib/rack/runtime.rb:17:in `call'
  activesupport (3.2.8) lib/active_support/cache/strategy/local_cache.rb:72:in `call'
  rack (1.4.5) lib/rack/lock.rb:15:in `call'
  actionpack (3.2.8) lib/action_dispatch/middleware/static.rb:62:in `call'
  railties (3.2.8) lib/rails/engine.rb:479:in `call'
  railties (3.2.8) lib/rails/application.rb:223:in `call'
  rack (1.4.5) lib/rack/content_length.rb:14:in `call'
  railties (3.2.8) lib/rails/rack/log_tailer.rb:17:in `call'
  rack (1.4.5) lib/rack/handler/webrick.rb:59:in `service'
  /usr/local/rvm/rubies/ruby-1.9.3-p194/lib/ruby/1.9.1/webrick/httpserver.rb:138:in `service'
  /usr/local/rvm/rubies/ruby-1.9.3-p194/lib/ruby/1.9.1/webrick/httpserver.rb:94:in `run'
  /usr/local/rvm/rubies/ruby-1.9.3-p194/lib/ruby/1.9.1/webrick/server.rb:191:in `block in start_thread'


  Rendered /usr/local/rvm/gems/ruby-1.9.3-p194/gems/actionpack-3.2.8/lib/action_dispatch/middleware/templates/rescues/routing_error.erb within rescues/layout (0.6ms)


Started GET "/" for 127.0.0.1 at 2015-05-13 14:43:49 -0300

ActionController::RoutingError (No route matches [GET] "/"):
  actionpack (3.2.8) lib/action_dispatch/middleware/debug_exceptions.rb:21:in `call'
  actionpack (3.2.8) lib/action_dispatch/middleware/show_exceptions.rb:56:in `call'
  railties (3.2.8) lib/rails/rack/logger.rb:26:in `call_app'
  railties (3.2.8) lib/rails/rack/logger.rb:16:in `call'
  actionpack (3.2.8) lib/action_dispatch/middleware/request_id.rb:22:in `call'
  rack (1.4.5) lib/rack/methodoverride.rb:21:in `call'
  rack (1.4.5) lib/rack/runtime.rb:17:in `call'
  activesupport (3.2.8) lib/active_support/cache/strategy/local_cache.rb:72:in `call'
  rack (1.4.5) lib/rack/lock.rb:15:in `call'
  actionpack (3.2.8) lib/action_dispatch/middleware/static.rb:62:in `call'
  railties (3.2.8) lib/rails/engine.rb:479:in `call'
  railties (3.2.8) lib/rails/application.rb:223:in `call'
  rack (1.4.5) lib/rack/content_length.rb:14:in `call'
  railties (3.2.8) lib/rails/rack/log_tailer.rb:17:in `call'
  rack (1.4.5) lib/rack/handler/webrick.rb:59:in `service'
  /usr/local/rvm/rubies/ruby-1.9.3-p194/lib/ruby/1.9.1/webrick/httpserver.rb:138:in `service'
  /usr/local/rvm/rubies/ruby-1.9.3-p194/lib/ruby/1.9.1/webrick/httpserver.rb:94:in `run'
  /usr/local/rvm/rubies/ruby-1.9.3-p194/lib/ruby/1.9.1/webrick/server.rb:191:in `block in start_thread'


  Rendered /usr/local/rvm/gems/ruby-1.9.3-p194/gems/actionpack-3.2.8/lib/action_dispatch/middleware/templates/rescues/routing_error.erb within rescues/layout (0.6ms)


Started GET "/" for 127.0.0.1 at 2015-05-13 14:43:52 -0300

ActionController::RoutingError (No route matches [GET] "/"):
  actionpack (3.2.8) lib/action_dispatch/middleware/debug_exceptions.rb:21:in `call'
  actionpack (3.2.8) lib/action_dispatch/middleware/show_exceptions.rb:56:in `call'
  railties (3.2.8) lib/rails/rack/logger.rb:26:in `call_app'
  railties (3.2.8) lib/rails/rack/logger.rb:16:in `call'
  actionpack (3.2.8) lib/action_dispatch/middleware/request_id.rb:22:in `call'
  rack (1.4.5) lib/rack/methodoverride.rb:21:in `call'
  rack (1.4.5) lib/rack/runtime.rb:17:in `call'
  activesupport (3.2.8) lib/active_support/cache/strategy/local_cache.rb:72:in `call'
  rack (1.4.5) lib/rack/lock.rb:15:in `call'
  actionpack (3.2.8) lib/action_dispatch/middleware/static.rb:62:in `call'
  railties (3.2.8) lib/rails/engine.rb:479:in `call'
  railties (3.2.8) lib/rails/application.rb:223:in `call'
  rack (1.4.5) lib/rack/content_length.rb:14:in `call'
  railties (3.2.8) lib/rails/rack/log_tailer.rb:17:in `call'
  rack (1.4.5) lib/rack/handler/webrick.rb:59:in `service'
  /usr/local/rvm/rubies/ruby-1.9.3-p194/lib/ruby/1.9.1/webrick/httpserver.rb:138:in `service'
  /usr/local/rvm/rubies/ruby-1.9.3-p194/lib/ruby/1.9.1/webrick/httpserver.rb:94:in `run'
  /usr/local/rvm/rubies/ruby-1.9.3-p194/lib/ruby/1.9.1/webrick/server.rb:191:in `block in start_thread'


  Rendered /usr/local/rvm/gems/ruby-1.9.3-p194/gems/actionpack-3.2.8/lib/action_dispatch/middleware/templates/rescues/routing_error.erb within rescues/layout (0.6ms)


Started GET "/admin" for 127.0.0.1 at 2015-05-13 14:44:45 -0300
Processing by RailsAdmin::MainController#dashboard as HTML
Completed 401 Unauthorized in 0ms


Started GET "/usuarios/sign_in" for 127.0.0.1 at 2015-05-13 14:44:45 -0300
Processing by Devise::SessionsController#new as HTML
  Rendered /usr/local/rvm/gems/ruby-1.9.3-p194/gems/devise-2.1.2/app/views/devise/shared/_links.erb (0.4ms)
  Rendered /usr/local/rvm/gems/ruby-1.9.3-p194/gems/devise-2.1.2/app/views/devise/sessions/new.html.erb within layouts/application (3.3ms)
Completed 200 OK in 10ms (Views: 9.6ms | ActiveRecord: 0.0ms)
Connecting to database specified by database.yml
Connecting to database specified by database.yml
Connecting to database specified by database.yml
Connecting to database specified by database.yml


Started GET "/" for 127.0.0.1 at 2015-05-13 14:54:24 -0300

ActionController::RoutingError (No route matches [GET] "/"):
  actionpack (3.2.8) lib/action_dispatch/middleware/debug_exceptions.rb:21:in `call'
  actionpack (3.2.8) lib/action_dispatch/middleware/show_exceptions.rb:56:in `call'
  railties (3.2.8) lib/rails/rack/logger.rb:26:in `call_app'
  railties (3.2.8) lib/rails/rack/logger.rb:16:in `call'
  actionpack (3.2.8) lib/action_dispatch/middleware/request_id.rb:22:in `call'
  rack (1.4.5) lib/rack/methodoverride.rb:21:in `call'
  rack (1.4.5) lib/rack/runtime.rb:17:in `call'
  activesupport (3.2.8) lib/active_support/cache/strategy/local_cache.rb:72:in `call'
  rack (1.4.5) lib/rack/lock.rb:15:in `call'
  actionpack (3.2.8) lib/action_dispatch/middleware/static.rb:62:in `call'
  railties (3.2.8) lib/rails/engine.rb:479:in `call'
  railties (3.2.8) lib/rails/application.rb:223:in `call'
  rack (1.4.5) lib/rack/content_length.rb:14:in `call'
  railties (3.2.8) lib/rails/rack/log_tailer.rb:17:in `call'
  rack (1.4.5) lib/rack/handler/webrick.rb:59:in `service'
  /usr/local/rvm/rubies/ruby-1.9.3-p194/lib/ruby/1.9.1/webrick/httpserver.rb:138:in `service'
  /usr/local/rvm/rubies/ruby-1.9.3-p194/lib/ruby/1.9.1/webrick/httpserver.rb:94:in `run'
  /usr/local/rvm/rubies/ruby-1.9.3-p194/lib/ruby/1.9.1/webrick/server.rb:191:in `block in start_thread'


  Rendered /usr/local/rvm/gems/ruby-1.9.3-p194/gems/actionpack-3.2.8/lib/action_dispatch/middleware/templates/rescues/routing_error.erb within rescues/layout (2.8ms)


Started GET "/" for 127.0.0.1 at 2015-05-13 14:54:31 -0300

ActionController::RoutingError (No route matches [GET] "/"):
  actionpack (3.2.8) lib/action_dispatch/middleware/debug_exceptions.rb:21:in `call'
  actionpack (3.2.8) lib/action_dispatch/middleware/show_exceptions.rb:56:in `call'
  railties (3.2.8) lib/rails/rack/logger.rb:26:in `call_app'
  railties (3.2.8) lib/rails/rack/logger.rb:16:in `call'
  actionpack (3.2.8) lib/action_dispatch/middleware/request_id.rb:22:in `call'
  rack (1.4.5) lib/rack/methodoverride.rb:21:in `call'
  rack (1.4.5) lib/rack/runtime.rb:17:in `call'
  activesupport (3.2.8) lib/active_support/cache/strategy/local_cache.rb:72:in `call'
  rack (1.4.5) lib/rack/lock.rb:15:in `call'
  actionpack (3.2.8) lib/action_dispatch/middleware/static.rb:62:in `call'
  railties (3.2.8) lib/rails/engine.rb:479:in `call'
  railties (3.2.8) lib/rails/application.rb:223:in `call'
  rack (1.4.5) lib/rack/content_length.rb:14:in `call'
  railties (3.2.8) lib/rails/rack/log_tailer.rb:17:in `call'
  rack (1.4.5) lib/rack/handler/webrick.rb:59:in `service'
  /usr/local/rvm/rubies/ruby-1.9.3-p194/lib/ruby/1.9.1/webrick/httpserver.rb:138:in `service'
  /usr/local/rvm/rubies/ruby-1.9.3-p194/lib/ruby/1.9.1/webrick/httpserver.rb:94:in `run'
  /usr/local/rvm/rubies/ruby-1.9.3-p194/lib/ruby/1.9.1/webrick/server.rb:191:in `block in start_thread'


  Rendered /usr/local/rvm/gems/ruby-1.9.3-p194/gems/actionpack-3.2.8/lib/action_dispatch/middleware/templates/rescues/routing_error.erb within rescues/layout (0.5ms)
Connecting to database specified by database.yml


Started GET "/" for 127.0.0.1 at 2015-05-13 15:00:59 -0300
Processing by PagesController#index as HTML
  Rendered pages/index.html.erb within layouts/application (32.1ms)
Warning. Error encountered while saving cache /projetosVagner/app/tmp/cache/sass/a63ba517a297008f22a4c0b5fcc59512cf094686/pages.css.scssc: can't dump anonymous class #<Class:0x00000002a3e178>
Compiled pages.css  (30ms)  (pid 26379)
Compiled application.css  (36ms)  (pid 26379)
Compiled pages.js  (542ms)  (pid 26379)
Compiled application.js  (582ms)  (pid 26379)
Completed 200 OK in 754ms (Views: 753.9ms | ActiveRecord: 0.0ms)


Started GET "/assets/pages.js?body=1" for 127.0.0.1 at 2015-05-13 15:01:00 -0300
Served asset /pages.js - 200 OK (2ms)


Started GET "/assets/pages.css?body=1" for 127.0.0.1 at 2015-05-13 15:01:00 -0300
Served asset /pages.css - 200 OK (1ms)


Started GET "/" for 127.0.0.1 at 2015-05-13 15:02:44 -0300
Processing by PagesController#index as HTML
  Rendered pages/index.html.erb within layouts/application (0.3ms)
Completed 200 OK in 7ms (Views: 6.5ms | ActiveRecord: 0.0ms)


Started GET "/assets/application.css?body=1" for 127.0.0.1 at 2015-05-13 15:02:44 -0300
Served asset /application.css - 304 Not Modified (13ms)


Started GET "/assets/scaffolds.css?body=1" for 127.0.0.1 at 2015-05-13 15:02:44 -0300
Served asset /scaffolds.css - 304 Not Modified (1ms)


Started GET "/assets/jquery_ujs.js?body=1" for 127.0.0.1 at 2015-05-13 15:02:44 -0300
Served asset /jquery_ujs.js - 304 Not Modified (3ms)


Started GET "/assets/pages.css?body=1" for 127.0.0.1 at 2015-05-13 15:02:44 -0300
Served asset /pages.css - 304 Not Modified (0ms)


Started GET "/assets/contatos.css?body=1" for 127.0.0.1 at 2015-05-13 15:02:44 -0300
Served asset /contatos.css - 304 Not Modified (3ms)


Started GET "/assets/jquery.js?body=1" for 127.0.0.1 at 2015-05-13 15:02:44 -0300
Served asset /jquery.js - 304 Not Modified (4ms)


Started GET "/assets/contatos.js?body=1" for 127.0.0.1 at 2015-05-13 15:02:44 -0300
Served asset /contatos.js - 304 Not Modified (1ms)


Started GET "/assets/pages.js?body=1" for 127.0.0.1 at 2015-05-13 15:02:44 -0300
Served asset /pages.js - 304 Not Modified (0ms)


Started GET "/assets/application.js?body=1" for 127.0.0.1 at 2015-05-13 15:02:44 -0300
Served asset /application.js - 304 Not Modified (43ms)


Started GET "/" for 127.0.0.1 at 2015-05-13 15:02:47 -0300
Processing by PagesController#index as HTML
  Rendered pages/index.html.erb within layouts/application (0.0ms)
Completed 200 OK in 6ms (Views: 6.0ms | ActiveRecord: 0.0ms)


Started GET "/assets/application.css?body=1" for 127.0.0.1 at 2015-05-13 15:02:47 -0300
Served asset /application.css - 304 Not Modified (0ms)


Started GET "/assets/contatos.css?body=1" for 127.0.0.1 at 2015-05-13 15:02:47 -0300
Served asset /contatos.css - 304 Not Modified (0ms)


Started GET "/assets/scaffolds.css?body=1" for 127.0.0.1 at 2015-05-13 15:02:47 -0300
Served asset /scaffolds.css - 304 Not Modified (3ms)


Started GET "/assets/jquery.js?body=1" for 127.0.0.1 at 2015-05-13 15:02:47 -0300
Served asset /jquery.js - 304 Not Modified (3ms)


Started GET "/assets/pages.css?body=1" for 127.0.0.1 at 2015-05-13 15:02:47 -0300
Served asset /pages.css - 304 Not Modified (0ms)


Started GET "/assets/jquery_ujs.js?body=1" for 127.0.0.1 at 2015-05-13 15:02:47 -0300
Served asset /jquery_ujs.js - 304 Not Modified (0ms)


Started GET "/assets/pages.js?body=1" for 127.0.0.1 at 2015-05-13 15:02:47 -0300
Served asset /pages.js - 304 Not Modified (0ms)


Started GET "/assets/application.js?body=1" for 127.0.0.1 at 2015-05-13 15:02:47 -0300
Served asset /application.js - 304 Not Modified (1ms)


Started GET "/assets/contatos.js?body=1" for 127.0.0.1 at 2015-05-13 15:02:47 -0300
Served asset /contatos.js - 304 Not Modified (0ms)


Started GET "/assets/application.css?body=1" for 127.0.0.1 at 2015-05-13 15:08:27 -0300
Served asset /application.css - 304 Not Modified (0ms)


Started GET "/assets/scaffolds.css?body=1" for 127.0.0.1 at 2015-05-13 15:08:27 -0300
Served asset /scaffolds.css - 304 Not Modified (0ms)


Started GET "/assets/pages.css?body=1" for 127.0.0.1 at 2015-05-13 15:08:27 -0300
Served asset /pages.css - 304 Not Modified (0ms)


Started GET "/assets/contatos.css?body=1" for 127.0.0.1 at 2015-05-13 15:08:27 -0300
Served asset /contatos.css - 304 Not Modified (0ms)
Connecting to database specified by database.yml


Started GET "/" for 127.0.0.1 at 2015-05-18 14:00:33 -0300
Processing by PagesController#index as HTML
  Rendered pages/index.html.erb within layouts/application (36.7ms)
Completed 200 OK in 306ms (Views: 305.2ms | ActiveRecord: 0.0ms)


Started GET "/assets/application.css?body=1" for 127.0.0.1 at 2015-05-18 14:00:34 -0300
Served asset /application.css - 200 OK (5ms)


Started GET "/assets/contatos.css?body=1" for 127.0.0.1 at 2015-05-18 14:00:34 -0300
Served asset /contatos.css - 200 OK (1ms)


Started GET "/assets/pages.css?body=1" for 127.0.0.1 at 2015-05-18 14:00:34 -0300
Served asset /pages.css - 200 OK (6ms)


Started GET "/assets/contatos.js?body=1" for 127.0.0.1 at 2015-05-18 14:00:34 -0300
Served asset /contatos.js - 200 OK (1ms)


Started GET "/assets/jquery.js?body=1" for 127.0.0.1 at 2015-05-18 14:00:34 -0300
Served asset /jquery.js - 200 OK (98ms)


Started GET "/assets/pages.js?body=1" for 127.0.0.1 at 2015-05-18 14:00:34 -0300
Served asset /pages.js - 200 OK (1ms)


Started GET "/assets/jquery_ujs.js?body=1" for 127.0.0.1 at 2015-05-18 14:00:34 -0300
Served asset /jquery_ujs.js - 200 OK (3ms)


Started GET "/assets/scaffolds.css?body=1" for 127.0.0.1 at 2015-05-18 14:00:34 -0300
Served asset /scaffolds.css - 200 OK (1ms)


Started GET "/assets/application.js?body=1" for 127.0.0.1 at 2015-05-18 14:00:34 -0300
Served asset /application.js - 200 OK (5ms)


Started GET "/admin" for 127.0.0.1 at 2015-05-18 14:00:39 -0300
Processing by RailsAdmin::MainController#dashboard as HTML
Completed 401 Unauthorized in 1ms


Started GET "/usuarios/sign_in" for 127.0.0.1 at 2015-05-18 14:00:40 -0300
Processing by Devise::SessionsController#new as HTML
  Rendered /usr/local/rvm/gems/ruby-1.9.3-p194/gems/devise-2.1.2/app/views/devise/shared/_links.erb (1.6ms)
  Rendered /usr/local/rvm/gems/ruby-1.9.3-p194/gems/devise-2.1.2/app/views/devise/sessions/new.html.erb within layouts/application (17.1ms)
Completed 200 OK in 1686ms (Views: 67.5ms | ActiveRecord: 1341.9ms)


Started GET "/admin" for 127.0.0.1 at 2015-05-18 14:00:41 -0300
Processing by RailsAdmin::MainController#dashboard as HTML
Completed 401 Unauthorized in 0ms


Started GET "/usuarios/sign_in" for 127.0.0.1 at 2015-05-18 14:00:41 -0300
Processing by Devise::SessionsController#new as HTML
  Rendered /usr/local/rvm/gems/ruby-1.9.3-p194/gems/devise-2.1.2/app/views/devise/shared/_links.erb (0.4ms)
  Rendered /usr/local/rvm/gems/ruby-1.9.3-p194/gems/devise-2.1.2/app/views/devise/sessions/new.html.erb within layouts/application (3.3ms)
Completed 200 OK in 12ms (Views: 11.1ms | ActiveRecord: 0.0ms)


Started GET "/usuarios/sign_up" for 127.0.0.1 at 2015-05-18 14:00:46 -0300
Processing by Devise::RegistrationsController#new as HTML
  Rendered /usr/local/rvm/gems/ruby-1.9.3-p194/gems/devise-2.1.2/app/views/devise/shared/_links.erb (0.6ms)
  Rendered /usr/local/rvm/gems/ruby-1.9.3-p194/gems/devise-2.1.2/app/views/devise/registrations/new.html.erb within layouts/application (4.7ms)
Completed 200 OK in 52ms (Views: 50.3ms | ActiveRecord: 0.0ms)


Started GET "/usuarios/sign_up" for 127.0.0.1 at 2015-05-18 14:00:56 -0300
Processing by Devise::RegistrationsController#new as HTML
  Rendered /usr/local/rvm/gems/ruby-1.9.3-p194/gems/devise-2.1.2/app/views/devise/shared/_links.erb (0.4ms)
  Rendered /usr/local/rvm/gems/ruby-1.9.3-p194/gems/devise-2.1.2/app/views/devise/registrations/new.html.erb within layouts/application (3.3ms)
Completed 200 OK in 11ms (Views: 10.6ms | ActiveRecord: 0.0ms)


Started POST "/usuarios" for 127.0.0.1 at 2015-05-18 14:01:19 -0300
Processing by Devise::RegistrationsController#create as HTML
  Parameters: {"utf8"=>"✓", "authenticity_token"=>"ypPDidDJuEzfer0MgoU281n7el1QvS/C9AVhOMNzpJ8=", "usuario"=>{"email"=>"vagnerpetz@gmail.com", "password"=>"[FILTERED]", "password_confirmation"=>"[FILTERED]"}, "commit"=>"Sign up"}
  [1m[36m (0.2ms)[0m  [1mBEGIN[0m
  [1m[35mUsuario Exists (109.7ms)[0m  SELECT 1 AS one FROM "usuarios" WHERE "usuarios"."email" = 'vagnerpetz@gmail.com' LIMIT 1
  [1m[36m (22.5ms)[0m  [1mROLLBACK[0m
  Rendered /usr/local/rvm/gems/ruby-1.9.3-p194/gems/devise-2.1.2/app/views/devise/shared/_links.erb (0.4ms)
  Rendered /usr/local/rvm/gems/ruby-1.9.3-p194/gems/devise-2.1.2/app/views/devise/registrations/new.html.erb within layouts/application (4.2ms)
Completed 200 OK in 456ms (Views: 11.7ms | ActiveRecord: 0.0ms)


Started POST "/usuarios/sign_in" for 127.0.0.1 at 2015-05-18 14:01:38 -0300
Processing by Devise::SessionsController#create as HTML
  Parameters: {"utf8"=>"✓", "authenticity_token"=>"ypPDidDJuEzfer0MgoU281n7el1QvS/C9AVhOMNzpJ8=", "usuario"=>{"email"=>"vagnerpetz@gmail.com", "password"=>"[FILTERED]", "remember_me"=>"0"}, "commit"=>"Sign in"}
  [1m[35mUsuario Load (0.3ms)[0m  SELECT "usuarios".* FROM "usuarios" WHERE "usuarios"."email" = 'vagnerpetz@gmail.com' LIMIT 1
Completed 401 Unauthorized in 138ms
Processing by Devise::SessionsController#new as HTML
  Parameters: {"utf8"=>"✓", "authenticity_token"=>"ypPDidDJuEzfer0MgoU281n7el1QvS/C9AVhOMNzpJ8=", "usuario"=>{"email"=>"vagnerpetz@gmail.com", "password"=>"[FILTERED]", "remember_me"=>"0"}, "commit"=>"Sign in"}
  Rendered /usr/local/rvm/gems/ruby-1.9.3-p194/gems/devise-2.1.2/app/views/devise/shared/_links.erb (0.4ms)
  Rendered /usr/local/rvm/gems/ruby-1.9.3-p194/gems/devise-2.1.2/app/views/devise/sessions/new.html.erb within layouts/application (3.4ms)
Completed 200 OK in 88ms (Views: 10.7ms | ActiveRecord: 0.0ms)


Started GET "/usuarios/sign_up" for 127.0.0.1 at 2015-05-18 14:01:42 -0300
Processing by Devise::RegistrationsController#new as HTML
  Rendered /usr/local/rvm/gems/ruby-1.9.3-p194/gems/devise-2.1.2/app/views/devise/shared/_links.erb (0.4ms)
  Rendered /usr/local/rvm/gems/ruby-1.9.3-p194/gems/devise-2.1.2/app/views/devise/registrations/new.html.erb within layouts/application (3.0ms)
Completed 200 OK in 11ms (Views: 10.2ms | ActiveRecord: 0.0ms)


Started POST "/usuarios" for 127.0.0.1 at 2015-05-18 14:02:04 -0300
Processing by Devise::RegistrationsController#create as HTML
  Parameters: {"utf8"=>"✓", "authenticity_token"=>"ypPDidDJuEzfer0MgoU281n7el1QvS/C9AVhOMNzpJ8=", "usuario"=>{"email"=>"vagnerpetz@gmail.com", "password"=>"[FILTERED]", "password_confirmation"=>"[FILTERED]"}, "commit"=>"Sign up"}
  [1m[36m (0.1ms)[0m  [1mBEGIN[0m
  [1m[35mUsuario Exists (0.3ms)[0m  SELECT 1 AS one FROM "usuarios" WHERE "usuarios"."email" = 'vagnerpetz@gmail.com' LIMIT 1
  [1m[36mSQL (203.5ms)[0m  [1mINSERT INTO "usuarios" ("created_at", "current_sign_in_at", "current_sign_in_ip", "email", "encrypted_password", "last_sign_in_at", "last_sign_in_ip", "remember_created_at", "reset_password_sent_at", "reset_password_token", "sign_in_count", "updated_at") VALUES ($1, $2, $3, $4, $5, $6, $7, $8, $9, $10, $11, $12) RETURNING "id"[0m  [["created_at", Mon, 18 May 2015 17:02:04 UTC +00:00], ["current_sign_in_at", nil], ["current_sign_in_ip", nil], ["email", "vagnerpetz@gmail.com"], ["encrypted_password", "$2a$10$LRUPeygAqa/dJ89P2TkQe.QHuNuZLAboDmlfsEqLb8eC0X6wgBhzm"], ["last_sign_in_at", nil], ["last_sign_in_ip", nil], ["remember_created_at", nil], ["reset_password_sent_at", nil], ["reset_password_token", nil], ["sign_in_count", 0], ["updated_at", Mon, 18 May 2015 17:02:04 UTC +00:00]]
  [1m[35m (20.6ms)[0m  COMMIT
  [1m[36m (0.1ms)[0m  [1mBEGIN[0m
  [1m[35m (0.4ms)[0m  UPDATE "usuarios" SET "last_sign_in_at" = '2015-05-18 17:02:04.409424', "current_sign_in_at" = '2015-05-18 17:02:04.409424', "last_sign_in_ip" = '127.0.0.1', "current_sign_in_ip" = '127.0.0.1', "sign_in_count" = 1, "updated_at" = '2015-05-18 17:02:04.410304' WHERE "usuarios"."id" = 1
  [1m[36m (4.4ms)[0m  [1mCOMMIT[0m
Redirected to http://localhost:3000/admin/
Completed 302 Found in 316ms (ActiveRecord: 0.0ms)


Started GET "/admin/" for 127.0.0.1 at 2015-05-18 14:02:04 -0300
Processing by RailsAdmin::MainController#dashboard as HTML
  [1m[35mUsuario Load (0.3ms)[0m  SELECT "usuarios".* FROM "usuarios" WHERE "usuarios"."id" = 1 LIMIT 1
  [1m[36m (23.3ms)[0m  [1mSELECT COUNT(*) FROM "contatos" [0m
  [1m[35mContato Load (24.4ms)[0m  SELECT "contatos".* FROM "contatos" ORDER BY contatos.updated_at desc LIMIT 1
  [1m[36m (0.3ms)[0m  [1mSELECT COUNT(*) FROM "usuarios" [0m
  [1m[35mUsuario Load (0.3ms)[0m  SELECT "usuarios".* FROM "usuarios" ORDER BY usuarios.updated_at desc LIMIT 1
  Rendered /usr/local/rvm/gems/ruby-1.9.3-p194/gems/rails_admin-0.4.9/app/views/rails_admin/main/dashboard.html.haml within layouts/rails_admin/application (13.2ms)
Warning. Error encountered while saving cache /projetosVagner/app/tmp/cache/sass/21b7a2baab3a5e473ef5ed14b92ede0fc7782d3f/rails_admin.scss.erbc: can't dump anonymous class #<Class:0x000000041d6ab0>
Warning. Error encountered while saving cache /projetosVagner/app/tmp/cache/sass/7da2b93d73f0794145a5e337a0e9374179ebc0f2/_variables.scssc: can't dump anonymous class #<Class:0x000000041d6ab0>
Warning. Error encountered while saving cache /projetosVagner/app/tmp/cache/sass/392cb688ae7c14769bf4c502251704e21763889b/variables.scssc: can't dump anonymous class #<Class:0x000000041d6ab0>
Warning. Error encountered while saving cache /projetosVagner/app/tmp/cache/sass/c1c949830b43aad163beb56322f7931c01586e11/variables.scssc: can't dump anonymous class #<Class:0x000000041d6ab0>
Warning. Error encountered while saving cache /projetosVagner/app/tmp/cache/sass/ed24479af4851c470624400dce6df3c32eb32029/variables.scssc: can't dump anonymous class #<Class:0x000000041d6ab0>
Warning. Error encountered while saving cache /projetosVagner/app/tmp/cache/sass/7da2b93d73f0794145a5e337a0e9374179ebc0f2/_mixins.scssc: can't dump anonymous class #<Class:0x000000041d6ab0>
Warning. Error encountered while saving cache /projetosVagner/app/tmp/cache/sass/392cb688ae7c14769bf4c502251704e21763889b/mixins.scssc: can't dump anonymous class #<Class:0x000000041d6ab0>
Warning. Error encountered while saving cache /projetosVagner/app/tmp/cache/sass/c1c949830b43aad163beb56322f7931c01586e11/mixins.scssc: can't dump anonymous class #<Class:0x000000041d6ab0>
Warning. Error encountered while saving cache /projetosVagner/app/tmp/cache/sass/ed24479af4851c470624400dce6df3c32eb32029/mixins.scssc: can't dump anonymous class #<Class:0x000000041d6ab0>
Warning. Error encountered while saving cache /projetosVagner/app/tmp/cache/sass/7da2b93d73f0794145a5e337a0e9374179ebc0f2/_reset.scssc: can't dump anonymous class #<Class:0x000000041d6ab0>
Warning. Error encountered while saving cache /projetosVagner/app/tmp/cache/sass/51b516b1536f0c57399aa9c02a9cf39a6338fb7c/jquery-ui-1.8.7.custom.scssc: can't dump anonymous class #<Class:0x000000041d6ab0>
Warning. Error encountered while saving cache /projetosVagner/app/tmp/cache/sass/21b7a2baab3a5e473ef5ed14b92ede0fc7782d3f/jquery.ui.timepicker.scssc: can't dump anonymous class #<Class:0x000000041d6ab0>
Warning. Error encountered while saving cache /projetosVagner/app/tmp/cache/sass/21b7a2baab3a5e473ef5ed14b92ede0fc7782d3f/ra.calendar-additions.scssc: can't dump anonymous class #<Class:0x000000041d6ab0>
Warning. Error encountered while saving cache /projetosVagner/app/tmp/cache/sass/21b7a2baab3a5e473ef5ed14b92ede0fc7782d3f/ra.filtering-multiselect.scssc: can't dump anonymous class #<Class:0x000000041d6ab0>
Warning. Error encountered while saving cache /projetosVagner/app/tmp/cache/sass/21b7a2baab3a5e473ef5ed14b92ede0fc7782d3f/ra.widgets.scssc: can't dump anonymous class #<Class:0x000000041d6ab0>
Warning. Error encountered while saving cache /projetosVagner/app/tmp/cache/sass/21b7a2baab3a5e473ef5ed14b92ede0fc7782d3f/jquery.colorpicker.scssc: can't dump anonymous class #<Class:0x000000041d6ab0>
Compiled font-awesome.css  (21ms)  (pid 5727)
Warning. Error encountered while saving cache /projetosVagner/app/tmp/cache/sass/c80dc0619551a416bb82511747c8ae051907cb04/font-awesome.css.erbc: can't dump anonymous class #<Class:0x000000041d6ab0>
Warning. Error encountered while saving cache /projetosVagner/app/tmp/cache/sass/7da2b93d73f0794145a5e337a0e9374179ebc0f2/_scaffolding.scssc: can't dump anonymous class #<Class:0x000000041d6ab0>
Warning. Error encountered while saving cache /projetosVagner/app/tmp/cache/sass/7da2b93d73f0794145a5e337a0e9374179ebc0f2/_grid.scssc: can't dump anonymous class #<Class:0x000000041d6ab0>
Warning. Error encountered while saving cache /projetosVagner/app/tmp/cache/sass/7da2b93d73f0794145a5e337a0e9374179ebc0f2/_layouts.scssc: can't dump anonymous class #<Class:0x000000041d6ab0>
Warning. Error encountered while saving cache /projetosVagner/app/tmp/cache/sass/7da2b93d73f0794145a5e337a0e9374179ebc0f2/_type.scssc: can't dump anonymous class #<Class:0x000000041d6ab0>
Warning. Error encountered while saving cache /projetosVagner/app/tmp/cache/sass/7da2b93d73f0794145a5e337a0e9374179ebc0f2/_forms.scssc: can't dump anonymous class #<Class:0x000000041d6ab0>
Warning. Error encountered while saving cache /projetosVagner/app/tmp/cache/sass/7da2b93d73f0794145a5e337a0e9374179ebc0f2/_tables.scssc: can't dump anonymous class #<Class:0x000000041d6ab0>
Warning. Error encountered while saving cache /projetosVagner/app/tmp/cache/sass/7da2b93d73f0794145a5e337a0e9374179ebc0f2/_dropdowns.scssc: can't dump anonymous class #<Class:0x000000041d6ab0>
Warning. Error encountered while saving cache /projetosVagner/app/tmp/cache/sass/7da2b93d73f0794145a5e337a0e9374179ebc0f2/_wells.scssc: can't dump anonymous class #<Class:0x000000041d6ab0>
Warning. Error encountered while saving cache /projetosVagner/app/tmp/cache/sass/7da2b93d73f0794145a5e337a0e9374179ebc0f2/_component-animations.scssc: can't dump anonymous class #<Class:0x000000041d6ab0>
Warning. Error encountered while saving cache /projetosVagner/app/tmp/cache/sass/7da2b93d73f0794145a5e337a0e9374179ebc0f2/_close.scssc: can't dump anonymous class #<Class:0x000000041d6ab0>
Warning. Error encountered while saving cache /projetosVagner/app/tmp/cache/sass/7da2b93d73f0794145a5e337a0e9374179ebc0f2/_buttons.scssc: can't dump anonymous class #<Class:0x000000041d6ab0>
Warning. Error encountered while saving cache /projetosVagner/app/tmp/cache/sass/7da2b93d73f0794145a5e337a0e9374179ebc0f2/_button-groups.scssc: can't dump anonymous class #<Class:0x000000041d6ab0>
Warning. Error encountered while saving cache /projetosVagner/app/tmp/cache/sass/7da2b93d73f0794145a5e337a0e9374179ebc0f2/_alerts.scssc: can't dump anonymous class #<Class:0x000000041d6ab0>
Warning. Error encountered while saving cache /projetosVagner/app/tmp/cache/sass/7da2b93d73f0794145a5e337a0e9374179ebc0f2/_navs.scssc: can't dump anonymous class #<Class:0x000000041d6ab0>
Warning. Error encountered while saving cache /projetosVagner/app/tmp/cache/sass/7da2b93d73f0794145a5e337a0e9374179ebc0f2/_navbar.scssc: can't dump anonymous class #<Class:0x000000041d6ab0>
Warning. Error encountered while saving cache /projetosVagner/app/tmp/cache/sass/7da2b93d73f0794145a5e337a0e9374179ebc0f2/_breadcrumbs.scssc: can't dump anonymous class #<Class:0x000000041d6ab0>
Warning. Error encountered while saving cache /projetosVagner/app/tmp/cache/sass/7da2b93d73f0794145a5e337a0e9374179ebc0f2/_pagination.scssc: can't dump anonymous class #<Class:0x000000041d6ab0>
Warning. Error encountered while saving cache /projetosVagner/app/tmp/cache/sass/7da2b93d73f0794145a5e337a0e9374179ebc0f2/_pager.scssc: can't dump anonymous class #<Class:0x000000041d6ab0>
Warning. Error encountered while saving cache /projetosVagner/app/tmp/cache/sass/7da2b93d73f0794145a5e337a0e9374179ebc0f2/_modals.scssc: can't dump anonymous class #<Class:0x000000041d6ab0>
Warning. Error encountered while saving cache /projetosVagner/app/tmp/cache/sass/7da2b93d73f0794145a5e337a0e9374179ebc0f2/_tooltip.scssc: can't dump anonymous class #<Class:0x000000041d6ab0>
Warning. Error encountered while saving cache /projetosVagner/app/tmp/cache/sass/7da2b93d73f0794145a5e337a0e9374179ebc0f2/_popovers.scssc: can't dump anonymous class #<Class:0x000000041d6ab0>
Warning. Error encountered while saving cache /projetosVagner/app/tmp/cache/sass/7da2b93d73f0794145a5e337a0e9374179ebc0f2/_thumbnails.scssc: can't dump anonymous class #<Class:0x000000041d6ab0>
Warning. Error encountered while saving cache /projetosVagner/app/tmp/cache/sass/7da2b93d73f0794145a5e337a0e9374179ebc0f2/_labels-badges.scssc: can't dump anonymous class #<Class:0x000000041d6ab0>
Warning. Error encountered while saving cache /projetosVagner/app/tmp/cache/sass/7da2b93d73f0794145a5e337a0e9374179ebc0f2/_progress-bars.scssc: can't dump anonymous class #<Class:0x000000041d6ab0>
Warning. Error encountered while saving cache /projetosVagner/app/tmp/cache/sass/7da2b93d73f0794145a5e337a0e9374179ebc0f2/_accordion.scssc: can't dump anonymous class #<Class:0x000000041d6ab0>
Warning. Error encountered while saving cache /projetosVagner/app/tmp/cache/sass/7da2b93d73f0794145a5e337a0e9374179ebc0f2/_carousel.scssc: can't dump anonymous class #<Class:0x000000041d6ab0>
Warning. Error encountered while saving cache /projetosVagner/app/tmp/cache/sass/7da2b93d73f0794145a5e337a0e9374179ebc0f2/_hero-unit.scssc: can't dump anonymous class #<Class:0x000000041d6ab0>
Warning. Error encountered while saving cache /projetosVagner/app/tmp/cache/sass/7da2b93d73f0794145a5e337a0e9374179ebc0f2/_utilities.scssc: can't dump anonymous class #<Class:0x000000041d6ab0>
Warning. Error encountered while saving cache /projetosVagner/app/tmp/cache/sass/392cb688ae7c14769bf4c502251704e21763889b/theming.scssc: can't dump anonymous class #<Class:0x000000041d6ab0>
Warning. Error encountered while saving cache /projetosVagner/app/tmp/cache/sass/c1c949830b43aad163beb56322f7931c01586e11/theming.scssc: can't dump anonymous class #<Class:0x000000041d6ab0>
Warning. Error encountered while saving cache /projetosVagner/app/tmp/cache/sass/ed24479af4851c470624400dce6df3c32eb32029/theming.scssc: can't dump anonymous class #<Class:0x000000041d6ab0>
Compiled rails_admin/rails_admin.css  (3758ms)  (pid 5727)
Compiled jquery.iframe-transport.js  (0ms)  (pid 5727)
Compiled rails_admin/jquery.remotipart.fixed.js  (33ms)  (pid 5727)
Compiled jquery.ui.effect.js  (0ms)  (pid 5727)
Compiled jquery.ui.core.js  (1ms)  (pid 5727)
Compiled jquery.ui.widget.js  (0ms)  (pid 5727)
Compiled jquery.ui.mouse.js  (3ms)  (pid 5727)
Compiled jquery.ui.sortable.js  (117ms)  (pid 5727)
Compiled jquery.ui.position.js  (0ms)  (pid 5727)
Compiled jquery.ui.menu.js  (15ms)  (pid 5727)
Compiled jquery.ui.autocomplete.js  (26ms)  (pid 5727)
Compiled jquery.ui.datepicker.js  (2ms)  (pid 5727)
Compiled rails_admin/jquery.ui.timepicker.js  (0ms)  (pid 5727)
Compiled rails_admin/ra.datetimepicker.js  (0ms)  (pid 5727)
Compiled rails_admin/jquery.colorpicker.js  (0ms)  (pid 5727)
Compiled rails_admin/ra.filter-box.js  (0ms)  (pid 5727)
Compiled rails_admin/ra.filtering-multiselect.js  (0ms)  (pid 5727)
Compiled rails_admin/ra.filtering-select.js  (0ms)  (pid 5727)
Compiled rails_admin/ra.remote-form.js  (0ms)  (pid 5727)
Compiled rails_admin/jquery.pjax.js  (0ms)  (pid 5727)
Compiled jquery_nested_form.js  (0ms)  (pid 5727)
Compiled rails_admin/ra.nested-form-hooks.js  (647ms)  (pid 5727)
Compiled bootstrap-transition.js  (0ms)  (pid 5727)
Compiled bootstrap-affix.js  (0ms)  (pid 5727)
Compiled bootstrap-alert.js  (0ms)  (pid 5727)
Compiled bootstrap-button.js  (0ms)  (pid 5727)
Compiled bootstrap-carousel.js  (0ms)  (pid 5727)
Compiled bootstrap-collapse.js  (0ms)  (pid 5727)
Compiled bootstrap-dropdown.js  (0ms)  (pid 5727)
Compiled bootstrap-modal.js  (0ms)  (pid 5727)
Compiled bootstrap-scrollspy.js  (0ms)  (pid 5727)
Compiled bootstrap-tab.js  (0ms)  (pid 5727)
Compiled bootstrap-tooltip.js  (0ms)  (pid 5727)
Compiled bootstrap-popover.js  (0ms)  (pid 5727)
Compiled bootstrap-typeahead.js  (0ms)  (pid 5727)
Compiled bootstrap.js  (179ms)  (pid 5727)
Compiled rails_admin/ra.widgets.js  (271ms)  (pid 5727)
Compiled rails_admin/ui.js  (188ms)  (pid 5727)
Compiled rails_admin/custom/ui.js  (122ms)  (pid 5727)
Compiled rails_admin/rails_admin.js  (1904ms)  (pid 5727)
  Rendered /usr/local/rvm/gems/ruby-1.9.3-p194/gems/rails_admin-0.4.9/app/views/layouts/rails_admin/_secondary_navigation.html.haml (5.6ms)
  Rendered /usr/local/rvm/gems/ruby-1.9.3-p194/gems/rails_admin-0.4.9/app/views/layouts/rails_admin/pjax.html.haml (5.0ms)
Completed 200 OK in 6112ms (Views: 5961.0ms | ActiveRecord: 50.5ms)


Started GET "/assets/rails_admin/rails_admin.css?body=1" for 127.0.0.1 at 2015-05-18 14:02:10 -0300
Served asset /rails_admin/rails_admin.css - 200 OK (74ms)


Started GET "/assets/jquery.iframe-transport.js?body=1" for 127.0.0.1 at 2015-05-18 14:02:10 -0300
Served asset /jquery.iframe-transport.js - 200 OK (2ms)


Started GET "/assets/rails_admin/jquery.remotipart.fixed.js?body=1" for 127.0.0.1 at 2015-05-18 14:02:10 -0300
Served asset /rails_admin/jquery.remotipart.fixed.js - 200 OK (3ms)


Started GET "/assets/jquery.ui.effect.js?body=1" for 127.0.0.1 at 2015-05-18 14:02:10 -0300
Served asset /jquery.ui.effect.js - 200 OK (3ms)


Started GET "/assets/jquery.ui.core.js?body=1" for 127.0.0.1 at 2015-05-18 14:02:10 -0300
Served asset /jquery.ui.core.js - 200 OK (5ms)


Started GET "/assets/jquery.ui.widget.js?body=1" for 127.0.0.1 at 2015-05-18 14:02:10 -0300
Served asset /jquery.ui.widget.js - 200 OK (3ms)


Started GET "/assets/jquery.ui.mouse.js?body=1" for 127.0.0.1 at 2015-05-18 14:02:10 -0300
Served asset /jquery.ui.mouse.js - 200 OK (11ms)


Started GET "/assets/jquery.ui.menu.js?body=1" for 127.0.0.1 at 2015-05-18 14:02:10 -0300
Served asset /jquery.ui.menu.js - 200 OK (13ms)


Started GET "/assets/jquery.ui.position.js?body=1" for 127.0.0.1 at 2015-05-18 14:02:10 -0300
Served asset /jquery.ui.position.js - 200 OK (3ms)


Started GET "/assets/jquery.ui.sortable.js?body=1" for 127.0.0.1 at 2015-05-18 14:02:10 -0300
Served asset /jquery.ui.sortable.js - 200 OK (60ms)


Started GET "/assets/jquery.ui.datepicker.js?body=1" for 127.0.0.1 at 2015-05-18 14:02:10 -0300
Served asset /jquery.ui.datepicker.js - 200 OK (6ms)


Started GET "/assets/jquery.ui.autocomplete.js?body=1" for 127.0.0.1 at 2015-05-18 14:02:10 -0300
Served asset /jquery.ui.autocomplete.js - 200 OK (10ms)


Started GET "/assets/rails_admin/ra.datetimepicker.js?body=1" for 127.0.0.1 at 2015-05-18 14:02:10 -0300
Served asset /rails_admin/ra.datetimepicker.js - 200 OK (2ms)


Started GET "/assets/rails_admin/jquery.ui.timepicker.js?body=1" for 127.0.0.1 at 2015-05-18 14:02:10 -0300
Served asset /rails_admin/jquery.ui.timepicker.js - 200 OK (2ms)


Started GET "/assets/rails_admin/jquery.colorpicker.js?body=1" for 127.0.0.1 at 2015-05-18 14:02:10 -0300
Served asset /rails_admin/jquery.colorpicker.js - 200 OK (4ms)


Started GET "/assets/rails_admin/ra.filter-box.js?body=1" for 127.0.0.1 at 2015-05-18 14:02:10 -0300
Served asset /rails_admin/ra.filter-box.js - 200 OK (2ms)


Started GET "/assets/rails_admin/ra.filtering-multiselect.js?body=1" for 127.0.0.1 at 2015-05-18 14:02:10 -0300
Served asset /rails_admin/ra.filtering-multiselect.js - 200 OK (2ms)


Started GET "/assets/rails_admin/ra.filtering-select.js?body=1" for 127.0.0.1 at 2015-05-18 14:02:10 -0300
Served asset /rails_admin/ra.filtering-select.js - 200 OK (2ms)


Started GET "/assets/rails_admin/ra.remote-form.js?body=1" for 127.0.0.1 at 2015-05-18 14:02:10 -0300
Served asset /rails_admin/ra.remote-form.js - 200 OK (2ms)


Started GET "/assets/rails_admin/jquery.pjax.js?body=1" for 127.0.0.1 at 2015-05-18 14:02:10 -0300
Served asset /rails_admin/jquery.pjax.js - 200 OK (4ms)


Started GET "/assets/jquery_nested_form.js?body=1" for 127.0.0.1 at 2015-05-18 14:02:10 -0300
Served asset /jquery_nested_form.js - 200 OK (2ms)


Started GET "/assets/rails_admin/ra.nested-form-hooks.js?body=1" for 127.0.0.1 at 2015-05-18 14:02:10 -0300
Served asset /rails_admin/ra.nested-form-hooks.js - 200 OK (2ms)


Started GET "/assets/bootstrap-transition.js?body=1" for 127.0.0.1 at 2015-05-18 14:02:10 -0300
Served asset /bootstrap-transition.js - 200 OK (3ms)


Started GET "/assets/bootstrap-affix.js?body=1" for 127.0.0.1 at 2015-05-18 14:02:10 -0300
Served asset /bootstrap-affix.js - 200 OK (5ms)


Started GET "/assets/bootstrap-alert.js?body=1" for 127.0.0.1 at 2015-05-18 14:02:10 -0300
Served asset /bootstrap-alert.js - 200 OK (3ms)


Started GET "/assets/bootstrap-button.js?body=1" for 127.0.0.1 at 2015-05-18 14:02:10 -0300
Served asset /bootstrap-button.js - 200 OK (3ms)


Started GET "/assets/bootstrap-carousel.js?body=1" for 127.0.0.1 at 2015-05-18 14:02:10 -0300
Served asset /bootstrap-carousel.js - 200 OK (5ms)


Started GET "/assets/bootstrap-collapse.js?body=1" for 127.0.0.1 at 2015-05-18 14:02:10 -0300
Served asset /bootstrap-collapse.js - 200 OK (5ms)


Started GET "/assets/bootstrap-dropdown.js?body=1" for 127.0.0.1 at 2015-05-18 14:02:10 -0300
Served asset /bootstrap-dropdown.js - 200 OK (4ms)


Started GET "/assets/bootstrap-modal.js?body=1" for 127.0.0.1 at 2015-05-18 14:02:11 -0300
Served asset /bootstrap-modal.js - 200 OK (3ms)


Started GET "/assets/bootstrap-scrollspy.js?body=1" for 127.0.0.1 at 2015-05-18 14:02:11 -0300
Served asset /bootstrap-scrollspy.js - 200 OK (3ms)


Started GET "/assets/bootstrap-tab.js?body=1" for 127.0.0.1 at 2015-05-18 14:02:11 -0300
Served asset /bootstrap-tab.js - 200 OK (5ms)


Started GET "/assets/bootstrap-tooltip.js?body=1" for 127.0.0.1 at 2015-05-18 14:02:11 -0300
Served asset /bootstrap-tooltip.js - 200 OK (4ms)


Started GET "/assets/bootstrap-popover.js?body=1" for 127.0.0.1 at 2015-05-18 14:02:11 -0300
Served asset /bootstrap-popover.js - 200 OK (4ms)


Started GET "/assets/bootstrap.js?body=1" for 127.0.0.1 at 2015-05-18 14:02:11 -0300
Served asset /bootstrap.js - 200 OK (13ms)


Started GET "/assets/bootstrap-typeahead.js?body=1" for 127.0.0.1 at 2015-05-18 14:02:11 -0300
Served asset /bootstrap-typeahead.js - 200 OK (3ms)


Started GET "/assets/rails_admin/ra.widgets.js?body=1" for 127.0.0.1 at 2015-05-18 14:02:11 -0300
Served asset /rails_admin/ra.widgets.js - 200 OK (2ms)


Started GET "/assets/rails_admin/ui.js?body=1" for 127.0.0.1 at 2015-05-18 14:02:11 -0300
Served asset /rails_admin/ui.js - 200 OK (2ms)


Started GET "/assets/rails_admin/custom/ui.js?body=1" for 127.0.0.1 at 2015-05-18 14:02:11 -0300
Served asset /rails_admin/custom/ui.js - 200 OK (2ms)


Started GET "/assets/rails_admin/rails_admin.js?body=1" for 127.0.0.1 at 2015-05-18 14:02:11 -0300
Served asset /rails_admin/rails_admin.js - 200 OK (40ms)


Started GET "/assets/fontawesome-webfont.woff" for 127.0.0.1 at 2015-05-18 14:02:11 -0300
Served asset /fontawesome-webfont.woff - 200 OK (4ms)


Started GET "/admin/contato?_pjax=%5Bdata-pjax-container%5D" for 127.0.0.1 at 2015-05-18 14:03:37 -0300
Processing by RailsAdmin::MainController#index as HTML
  Parameters: {"_pjax"=>"[data-pjax-container]", "model_name"=>"contato"}
  [1m[36mUsuario Load (0.4ms)[0m  [1mSELECT "usuarios".* FROM "usuarios" WHERE "usuarios"."id" = 1 LIMIT 1[0m
  [1m[35mContato Load (0.5ms)[0m  SELECT "contatos".* FROM "contatos" ORDER BY contatos.id desc LIMIT 20 OFFSET 0
  [1m[36m (0.3ms)[0m  [1mSELECT COUNT(*) FROM "contatos" [0m
  Rendered /usr/local/rvm/gems/ruby-1.9.3-p194/gems/rails_admin-0.4.9/app/views/rails_admin/main/index.html.haml within layouts/rails_admin/pjax (87.7ms)
Completed 200 OK in 177ms (Views: 116.1ms | ActiveRecord: 1.2ms)


Started GET "/admin/usuario?_pjax=%5Bdata-pjax-container%5D" for 127.0.0.1 at 2015-05-18 14:03:41 -0300
Processing by RailsAdmin::MainController#index as HTML
  Parameters: {"_pjax"=>"[data-pjax-container]", "model_name"=>"usuario"}
  [1m[35mUsuario Load (0.4ms)[0m  SELECT "usuarios".* FROM "usuarios" WHERE "usuarios"."id" = 1 LIMIT 1
  [1m[36mUsuario Load (0.4ms)[0m  [1mSELECT "usuarios".* FROM "usuarios" ORDER BY usuarios.id desc LIMIT 20 OFFSET 0[0m
  [1m[35m (0.3ms)[0m  SELECT COUNT(*) FROM "usuarios" 
  Rendered /usr/local/rvm/gems/ruby-1.9.3-p194/gems/rails_admin-0.4.9/app/views/rails_admin/main/index.html.haml within layouts/rails_admin/pjax (22.7ms)
Completed 200 OK in 41ms (Views: 30.3ms | ActiveRecord: 1.1ms)


Started GET "/admin/contato?_pjax=%5Bdata-pjax-container%5D" for 127.0.0.1 at 2015-05-18 14:03:45 -0300
Processing by RailsAdmin::MainController#index as HTML
  Parameters: {"_pjax"=>"[data-pjax-container]", "model_name"=>"contato"}
  [1m[36mUsuario Load (0.4ms)[0m  [1mSELECT "usuarios".* FROM "usuarios" WHERE "usuarios"."id" = 1 LIMIT 1[0m
  [1m[35mContato Load (0.3ms)[0m  SELECT "contatos".* FROM "contatos" ORDER BY contatos.id desc LIMIT 20 OFFSET 0
  [1m[36m (0.3ms)[0m  [1mSELECT COUNT(*) FROM "contatos" [0m
  Rendered /usr/local/rvm/gems/ruby-1.9.3-p194/gems/rails_admin-0.4.9/app/views/rails_admin/main/index.html.haml within layouts/rails_admin/pjax (18.1ms)
Completed 200 OK in 33ms (Views: 25.2ms | ActiveRecord: 1.0ms)


Started GET "/admin/contato/1?_pjax=%5Bdata-pjax-container%5D" for 127.0.0.1 at 2015-05-18 14:03:52 -0300
Processing by RailsAdmin::MainController#show as HTML
  Parameters: {"_pjax"=>"[data-pjax-container]", "model_name"=>"contato", "id"=>"1"}
  [1m[35mUsuario Load (0.4ms)[0m  SELECT "usuarios".* FROM "usuarios" WHERE "usuarios"."id" = 1 LIMIT 1
  [1m[36mContato Load (19.0ms)[0m  [1mSELECT "contatos".* FROM "contatos" WHERE "contatos"."id" = 1 LIMIT 1[0m
  Rendered /usr/local/rvm/gems/ruby-1.9.3-p194/gems/rails_admin-0.4.9/app/views/rails_admin/main/show.html.haml within layouts/rails_admin/pjax (4.1ms)
Completed 200 OK in 62ms (Views: 34.0ms | ActiveRecord: 19.5ms)


Started GET "/admin/contato/1/history?_pjax=%5Bdata-pjax-container%5D" for 127.0.0.1 at 2015-05-18 14:03:54 -0300
Processing by RailsAdmin::MainController#history_show as HTML
  Parameters: {"_pjax"=>"[data-pjax-container]", "model_name"=>"contato", "id"=>"1"}
  [1m[35mUsuario Load (0.3ms)[0m  SELECT "usuarios".* FROM "usuarios" WHERE "usuarios"."id" = 1 LIMIT 1
  [1m[36mContato Load (0.3ms)[0m  [1mSELECT "contatos".* FROM "contatos" WHERE "contatos"."id" = 1 LIMIT 1[0m
  Rendered /usr/local/rvm/gems/ruby-1.9.3-p194/gems/rails_admin-0.4.9/app/views/rails_admin/main/history.html.haml within layouts/rails_admin/pjax (7.7ms)
Completed 200 OK in 50ms (Views: 43.2ms | ActiveRecord: 0.7ms)


Started GET "/admin/contato/1/show_in_app" for 127.0.0.1 at 2015-05-18 14:03:56 -0300
Processing by RailsAdmin::MainController#show_in_app as HTML
  Parameters: {"model_name"=>"contato", "id"=>"1"}
  [1m[35mUsuario Load (0.4ms)[0m  SELECT "usuarios".* FROM "usuarios" WHERE "usuarios"."id" = 1 LIMIT 1
  [1m[36mContato Load (1.0ms)[0m  [1mSELECT "contatos".* FROM "contatos" WHERE "contatos"."id" = 1 LIMIT 1[0m
Redirected to http://localhost:3000/contatos/1
Completed 302 Found in 53ms (ActiveRecord: 1.4ms)


Started GET "/contatos/1" for 127.0.0.1 at 2015-05-18 14:03:56 -0300
Processing by ContatosController#show as HTML
  Parameters: {"id"=>"1"}
  [1m[35mContato Load (0.6ms)[0m  SELECT "contatos".* FROM "contatos" WHERE "contatos"."id" = $1 LIMIT 1  [["id", "1"]]
  Rendered contatos/show.html.erb within layouts/application (1.3ms)
Completed 200 OK in 37ms (Views: 33.7ms | ActiveRecord: 0.6ms)


Started GET "/admin/contato/1/history" for 127.0.0.1 at 2015-05-18 14:03:58 -0300
Processing by RailsAdmin::MainController#history_show as HTML
  Parameters: {"model_name"=>"contato", "id"=>"1"}
  [1m[36mUsuario Load (0.4ms)[0m  [1mSELECT "usuarios".* FROM "usuarios" WHERE "usuarios"."id" = 1 LIMIT 1[0m
  [1m[35mContato Load (0.3ms)[0m  SELECT "contatos".* FROM "contatos" WHERE "contatos"."id" = 1 LIMIT 1
  Rendered /usr/local/rvm/gems/ruby-1.9.3-p194/gems/rails_admin-0.4.9/app/views/rails_admin/main/history.html.haml within layouts/rails_admin/application (7.0ms)
  Rendered /usr/local/rvm/gems/ruby-1.9.3-p194/gems/rails_admin-0.4.9/app/views/layouts/rails_admin/_secondary_navigation.html.haml (2.3ms)
  Rendered /usr/local/rvm/gems/ruby-1.9.3-p194/gems/rails_admin-0.4.9/app/views/layouts/rails_admin/pjax.html.haml (7.9ms)
Completed 200 OK in 44ms (Views: 37.3ms | ActiveRecord: 0.7ms)


Started GET "/admin/contato/1?utf8=%E2%9C%93&query=&_pjax=%5Bdata-pjax-container%5D" for 127.0.0.1 at 2015-05-18 14:12:15 -0300
Processing by RailsAdmin::MainController#show as HTML
  Parameters: {"utf8"=>"✓", "query"=>"", "_pjax"=>"[data-pjax-container]", "model_name"=>"contato", "id"=>"1"}
  [1m[36mUsuario Load (0.4ms)[0m  [1mSELECT "usuarios".* FROM "usuarios" WHERE "usuarios"."id" = 1 LIMIT 1[0m
  [1m[35mContato Load (0.3ms)[0m  SELECT "contatos".* FROM "contatos" WHERE "contatos"."id" = 1 LIMIT 1
  Rendered /usr/local/rvm/gems/ruby-1.9.3-p194/gems/rails_admin-0.4.9/app/views/rails_admin/main/show.html.haml within layouts/rails_admin/pjax (1.3ms)
Completed 200 OK in 18ms (Views: 11.1ms | ActiveRecord: 0.7ms)
